=== CB80.dcproject
*** CB80.dcproject
error: An error occurred during decompilation. System.NotImplementedException: dasm instruction Transfer, Conditional, Call.
   at Reko.Scanning.HeuristicDisassembler.Disassemble(Address addr) in D:\dev\uxmal\reko\master\src\Decompiler\Scanning\HeuristicDisassembler.cs:line 169
   at Reko.Scanning.HeuristicScanner.DisassembleRange(Address addrStart, Address addrEnd, ScanResults sr) in D:\dev\uxmal\reko\master\src\Decompiler\Scanning\HeuristicScanner.cs:line 388
   at Reko.Scanning.HeuristicScanner.ScanImage() in D:\dev\uxmal\reko\master\src\Decompiler\Scanning\HeuristicScanner.cs:line 152
   at Reko.DecompilerDriver.ScanProgram(Program program) in D:\dev\uxmal\reko\master\src\Decompiler\Decompiler.cs:line 437
   at Reko.DecompilerDriver.ScanPrograms() in D:\dev\uxmal\reko\master\src\Decompiler\Decompiler.cs:line 403
   at Reko.CmdLine.CmdLineDriver.Decompile(Dictionary`2 pArgs) in D:\dev\uxmal\reko\master\src\Drivers\CmdLine\CmdLineDriver.cs:line 130

=== redir
*** redir
error: An error occurred during decompilation. System.NotImplementedException: dasm instruction Transfer, Conditional, Delay.
   at Reko.Scanning.HeuristicDisassembler.Disassemble(Address addr) in D:\dev\uxmal\reko\master\src\Decompiler\Scanning\HeuristicDisassembler.cs:line 169
   at Reko.Scanning.HeuristicScanner.DisassembleRange(Address addrStart, Address addrEnd, ScanResults sr) in D:\dev\uxmal\reko\master\src\Decompiler\Scanning\HeuristicScanner.cs:line 388
   at Reko.Scanning.HeuristicScanner.ScanImage() in D:\dev\uxmal\reko\master\src\Decompiler\Scanning\HeuristicScanner.cs:line 152
   at Reko.DecompilerDriver.ScanProgram(Program program) in D:\dev\uxmal\reko\master\src\Decompiler\Decompiler.cs:line 437
   at Reko.DecompilerDriver.ScanPrograms() in D:\dev\uxmal\reko\master\src\Decompiler\Decompiler.cs:line 403
   at Reko.CmdLine.CmdLineDriver.Decompile(Dictionary`2 pArgs) in D:\dev\uxmal\reko\master\src\Drivers\CmdLine\CmdLineDriver.cs:line 130

=== ipcalc.dcproject
*** ipcalc.dcproject
Heuristics: Scanned image in 4.4841949 seconds, finding 0 blocks.
fn00000000000166F4: error: An error occurred during data flow analysis.
    The given key was not present in the dictionary.
       at System.Collections.Generic.Dictionary`2.get_Item(TKey key)
   at Reko.Analysis.SsaIdentifierCollection.get_Item(Identifier id) in D:\dev\uxmal\reko\master\src\Decompiler\Analysis\SsaIdentifierCollection.cs:line 55
   at Reko.Analysis.DeadCode.VisitIdentifier(Identifier id) in D:\dev\uxmal\reko\master\src\Decompiler\Analysis\DeadCode.cs:line 148
   at Reko.Core.Expressions.Identifier.Accept(IExpressionVisitor v) in D:\dev\uxmal\reko\master\src\Core\Expressions\Identifier.cs:line 85
   at Reko.Core.Code.InstructionVisitorBase.VisitPhiFunction(PhiFunction phi) in D:\dev\uxmal\reko\master\src\Core\Code\InstructionVisitor.cs:line 222
   at Reko.Core.Expressions.PhiFunction.Accept(IExpressionVisitor v) in D:\dev\uxmal\reko\master\src\Core\Expressions\PhiFunction.cs:line 57
   at Reko.Core.Code.InstructionVisitorBase.VisitPhiAssignment(PhiAssignment phi) in D:\dev\uxmal\reko\master\src\Core\Code\InstructionVisitor.cs:line 101
   at Reko.Core.Code.PhiAssignment.Accept(InstructionVisitor v) in D:\dev\uxmal\reko\master\src\Core\Code\PhiAssignment.cs:line 61
   at Reko.Analysis.DeadCode.Eliminate() in D:\dev\uxmal\reko\master\src\Decompiler\Analysis\DeadCode.cs:line 116
   at Reko.Analysis.DeadCode.Eliminate(Procedure proc, SsaState ssa) in D:\dev\uxmal\reko\master\src\Decompiler\Analysis\DeadCode.cs:line 82
   at Reko.Analysis.DataFlowAnalysis.BuildExpressionTrees() in D:\dev\uxmal\reko\master\src\Decompiler\Analysis\DataFlowAnalysis.cs:line 104
fn0000000000016864: error: An error occurred during data flow analysis.
    The given key was not present in the dictionary.
       at System.Collections.Generic.Dictionary`2.get_Item(TKey key)
   at Reko.Analysis.Aliases.Def(Identifier idar) in D:\dev\uxmal\reko\master\src\Decompiler\Analysis\Aliases.cs:line 90
   at Reko.Analysis.Aliases.VisitAssignment(Assignment ass) in D:\dev\uxmal\reko\master\src\Decompiler\Analysis\Aliases.cs:line 182
   at Reko.Core.Code.Assignment.Accept(InstructionVisitor v) in D:\dev\uxmal\reko\master\src\Core\Code\Assignment.cs:line 56
   at Reko.Analysis.Aliases.Transform() in D:\dev\uxmal\reko\master\src\Decompiler\Analysis\Aliases.cs:line 175
   at Reko.Analysis.DataFlowAnalysis.BuildExpressionTrees() in D:\dev\uxmal\reko\master\src\Decompiler\Analysis\DataFlowAnalysis.cs:line 84
: error: Error when reconstructing types.
    Specified argument was out of the range of valid values.
Parameter name: Linear address 00000000 is not in known segment.
       at Reko.Core.SegmentMap.MapLinearAddressToAddress(UInt64 linearAddress) in D:\dev\uxmal\reko\master\src\Core\SegmentMap.cs:line 161
   at Reko.CmdLine.CmdLineListener.CreateStatementNavigator(Program program, Statement stm) in D:\dev\uxmal\reko\master\src\Drivers\CmdLine\CmdLineListener.cs:line 49
   at Reko.Typing.TypeCollector.CollectTypes() in D:\dev\uxmal\reko\master\src\Decompiler\Typing\TypeCollector.cs:line 81
   at Reko.Typing.TypeAnalyzer.RewriteProgram(Program program) in D:\dev\uxmal\reko\master\src\Decompiler\Typing\TypeAnalyzer.cs:line 90
   at Reko.DecompilerDriver.ReconstructTypes() in D:\dev\uxmal\reko\master\src\Decompiler\Decompiler.cs:line 308
fn0000000000015F94: warning: Structure analysis stopped making progress, quitting. Please report this issue at https://github.com/uxmal/reko
fn00000000000164D0: warning: Structure analysis stopped making progress, quitting. Please report this issue at https://github.com/uxmal/reko
fn00000000000166F4: error: An error occurred while rewriting procedure to high-level language.
    The method or operation is not implemented.
       at Reko.Structure.RegionFactory.VisitDefInstruction(DefInstruction def) in D:\dev\uxmal\reko\master\src\Decompiler\Structure\RegionFactory.cs:line 83
   at Reko.Core.Code.DefInstruction.Accept[T](InstructionVisitor`1 visitor) in D:\dev\uxmal\reko\master\src\Core\Code\Instruction.cs:line 89
   at Reko.Structure.RegionFactory.Create(Block b) in D:\dev\uxmal\reko\master\src\Decompiler\Structure\RegionFactory.cs:line 46
   at Reko.Structure.StructureAnalysis.BuildRegionGraph(Procedure proc) in D:\dev\uxmal\reko\master\src\Decompiler\Structure\StructureAnalysis.cs:line 194
   at Reko.Structure.StructureAnalysis.Execute() in D:\dev\uxmal\reko\master\src\Decompiler\Structure\StructureAnalysis.cs:line 105
   at Reko.Structure.StructureAnalysis.Structure() in D:\dev\uxmal\reko\master\src\Decompiler\Structure\StructureAnalysis.cs:line 69
   at Reko.DecompilerDriver.StructureProgram() in D:\dev\uxmal\reko\master\src\Decompiler\Decompiler.cs:line 526
fn0000000000016830: warning: Structure analysis stopped making progress, quitting. Please report this issue at https://github.com/uxmal/reko
fn00000000000173D4: warning: Structure analysis stopped making progress, quitting. Please report this issue at https://github.com/uxmal/reko

=== sparc-rtems-unprotoize
*** sparc-rtems-unprotoize
error: An error occurred during decompilation. System.NotImplementedException: dasm instruction Transfer, Delay, Call.
   at Reko.Scanning.HeuristicDisassembler.Disassemble(Address addr) in D:\dev\uxmal\reko\master\src\Decompiler\Scanning\HeuristicDisassembler.cs:line 169
   at Reko.Scanning.HeuristicScanner.DisassembleRange(Address addrStart, Address addrEnd, ScanResults sr) in D:\dev\uxmal\reko\master\src\Decompiler\Scanning\HeuristicScanner.cs:line 388
   at Reko.Scanning.HeuristicScanner.ScanImage() in D:\dev\uxmal\reko\master\src\Decompiler\Scanning\HeuristicScanner.cs:line 152
   at Reko.DecompilerDriver.ScanProgram(Program program) in D:\dev\uxmal\reko\master\src\Decompiler\Decompiler.cs:line 437
   at Reko.DecompilerDriver.ScanPrograms() in D:\dev\uxmal\reko\master\src\Decompiler\Decompiler.cs:line 403
   at Reko.CmdLine.CmdLineDriver.Decompile(Dictionary`2 pArgs) in D:\dev\uxmal\reko\master\src\Drivers\CmdLine\CmdLineDriver.cs:line 130

=== const.o
=== ls
*** ls
error: An error occurred during decompilation. System.ArgumentNullException: Value cannot be null.
Parameter name: key
   at System.Collections.Generic.Dictionary`2.FindEntry(TKey key)
   at System.Collections.Generic.Dictionary`2.get_Item(TKey key)
   at Reko.Core.Lib.DiGraph`1.Successors(T item) in D:\dev\uxmal\reko\master\src\Core\Lib\DiGraph.cs:line 183
   at Reko.Core.Lib.DfsIterator`1.<PreOrder>d__4.MoveNext() in D:\dev\uxmal\reko\master\src\Core\Lib\DfsIterator.cs:line 56
   at System.Collections.Generic.HashSet`1.UnionWith(IEnumerable`1 other)
   at System.Collections.Generic.HashSet`1..ctor(IEnumerable`1 collection, IEqualityComparer`1 comparer)
   at System.Collections.Generic.HashSet`1..ctor(IEnumerable`1 collection)
   at Reko.Core.EnumerableEx.ToHashSet[TElement](IEnumerable`1 source) in D:\dev\uxmal\reko\master\src\Core\EnumerableEx.cs:line 89
   at Reko.Scanning.HeuristicProcedureScanner.TraceReachableBlocks(IEnumerable`1 procstarts) in D:\dev\uxmal\reko\master\src\Decompiler\Scanning\HeuristicProcedureScanner.cs:line 110
   at Reko.Scanning.HeuristicProcedureScanner.ResolveBlockConflicts(IEnumerable`1 procedureStarts) in D:\dev\uxmal\reko\master\src\Decompiler\Scanning\HeuristicProcedureScanner.cs:line 61
   at Reko.Scanning.HeuristicScanner.ScanImage() in D:\dev\uxmal\reko\master\src\Decompiler\Scanning\HeuristicScanner.cs:line 170
   at Reko.DecompilerDriver.ScanProgram(Program program) in D:\dev\uxmal\reko\master\src\Decompiler\Decompiler.cs:line 437
   at Reko.DecompilerDriver.ScanPrograms() in D:\dev\uxmal\reko\master\src\Decompiler\Decompiler.cs:line 403
   at Reko.CmdLine.CmdLineDriver.Decompile(Dictionary`2 pArgs) in D:\dev\uxmal\reko\master\src\Drivers\CmdLine\CmdLineDriver.cs:line 130

=== ais3_crackme
*** ais3_crackme
Heuristics: Scanned image in 0.2399176 seconds, finding 0 blocks.
000000000040050F: warning: Procedure frame_dummy previously had a return address of 8 bytes on the stack, but now seems to have a return address of 0 bytes on the stack.
0000000000400487: error: An error occurred while processing instruction at address 0000000000400487.
    Expected stack depth to be negative.
       at Reko.Analysis.ExpressionPropagator.GetStackDepthBeforeCall() in D:\dev\uxmal\reko\master\src\Decompiler\Analysis\ExpressionPropagator.cs:line 158
   at Reko.Analysis.ExpressionPropagator.VisitCallInstruction(CallInstruction ci) in D:\dev\uxmal\reko\master\src\Decompiler\Analysis\ExpressionPropagator.cs:line 108
   at Reko.Core.Code.CallInstruction.Accept[T](InstructionVisitor`1 visitor) in D:\dev\uxmal\reko\master\src\Core\Code\CallInstruction.cs:line 66
   at Reko.Analysis.TrashedRegisterFinder.RewriteBlock(Block block) in D:\dev\uxmal\reko\master\src\Decompiler\Analysis\TrashedRegisterFinder.cs:line 210
00000000004004C7: error: An error occurred while processing instruction at address 00000000004004C7.
    Expected stack depth to be negative.
       at Reko.Analysis.ExpressionPropagator.GetStackDepthBeforeCall() in D:\dev\uxmal\reko\master\src\Decompiler\Analysis\ExpressionPropagator.cs:line 158
   at Reko.Analysis.ExpressionPropagator.VisitCallInstruction(CallInstruction ci) in D:\dev\uxmal\reko\master\src\Decompiler\Analysis\ExpressionPropagator.cs:line 108
   at Reko.Core.Code.CallInstruction.Accept[T](InstructionVisitor`1 visitor) in D:\dev\uxmal\reko\master\src\Core\Code\CallInstruction.cs:line 66
   at Reko.Analysis.TrashedRegisterFinder.RewriteBlock(Block block) in D:\dev\uxmal\reko\master\src\Decompiler\Analysis\TrashedRegisterFinder.cs:line 210
000000000040050F: error: An error occurred while processing instruction at address 000000000040050F.
    Expected stack depth to be negative.
       at Reko.Analysis.ExpressionPropagator.GetStackDepthBeforeCall() in D:\dev\uxmal\reko\master\src\Decompiler\Analysis\ExpressionPropagator.cs:line 158
   at Reko.Analysis.ExpressionPropagator.VisitCallInstruction(CallInstruction ci) in D:\dev\uxmal\reko\master\src\Decompiler\Analysis\ExpressionPropagator.cs:line 108
   at Reko.Core.Code.CallInstruction.Accept[T](InstructionVisitor`1 visitor) in D:\dev\uxmal\reko\master\src\Core\Code\CallInstruction.cs:line 66
   at Reko.Analysis.TrashedRegisterFinder.RewriteBlock(Block block) in D:\dev\uxmal\reko\master\src\Decompiler\Analysis\TrashedRegisterFinder.cs:line 210
00000000004004C7: error: An error occurred while processing instruction at address 00000000004004C7.
    Expected stack depth to be negative.
       at Reko.Analysis.ExpressionPropagator.GetStackDepthBeforeCall() in D:\dev\uxmal\reko\master\src\Decompiler\Analysis\ExpressionPropagator.cs:line 158
   at Reko.Analysis.ExpressionPropagator.VisitCallInstruction(CallInstruction ci) in D:\dev\uxmal\reko\master\src\Decompiler\Analysis\ExpressionPropagator.cs:line 108
   at Reko.Core.Code.CallInstruction.Accept[T](InstructionVisitor`1 visitor) in D:\dev\uxmal\reko\master\src\Core\Code\CallInstruction.cs:line 66
   at Reko.Analysis.TrashedRegisterFinder.RewriteBlock(Block block) in D:\dev\uxmal\reko\master\src\Decompiler\Analysis\TrashedRegisterFinder.cs:line 210
frame_dummy: error: An error occurred during data flow analysis.
    Index was outside the bounds of the array.
       at Reko.Analysis.SsaTransform.LocateDefinedVariables.VisitIdentifier(Identifier id) in D:\dev\uxmal\reko\master\src\Decompiler\Analysis\SsaTransform.cs:line 373
   at Reko.Core.Expressions.Identifier.Accept(IExpressionVisitor v) in D:\dev\uxmal\reko\master\src\Core\Expressions\Identifier.cs:line 85
   at Reko.Core.Code.InstructionVisitorBase.VisitBinaryExpression(BinaryExpression binExp) in D:\dev\uxmal\reko\master\src\Core\Code\InstructionVisitor.cs:line 157
   at Reko.Core.Expressions.BinaryExpression.Accept(IExpressionVisitor v) in D:\dev\uxmal\reko\master\src\Core\Expressions\BinaryExpression.cs:line 64
   at Reko.Core.Code.InstructionVisitorBase.VisitBinaryExpression(BinaryExpression binExp) in D:\dev\uxmal\reko\master\src\Core\Code\InstructionVisitor.cs:line 157
   at Reko.Core.Expressions.BinaryExpression.Accept(IExpressionVisitor v) in D:\dev\uxmal\reko\master\src\Core\Expressions\BinaryExpression.cs:line 64
   at Reko.Core.Code.InstructionVisitorBase.VisitBinaryExpression(BinaryExpression binExp) in D:\dev\uxmal\reko\master\src\Core\Code\InstructionVisitor.cs:line 157
   at Reko.Core.Expressions.BinaryExpression.Accept(IExpressionVisitor v) in D:\dev\uxmal\reko\master\src\Core\Expressions\BinaryExpression.cs:line 64
   at Reko.Core.Code.InstructionVisitorBase.VisitBinaryExpression(BinaryExpression binExp) in D:\dev\uxmal\reko\master\src\Core\Code\InstructionVisitor.cs:line 157
   at Reko.Core.Expressions.BinaryExpression.Accept(IExpressionVisitor v) in D:\dev\uxmal\reko\master\src\Core\Expressions\BinaryExpression.cs:line 64
   at Reko.Core.Code.InstructionVisitorBase.VisitBranch(Branch b) in D:\dev\uxmal\reko\master\src\Core\Code\InstructionVisitor.cs:line 74
   at Reko.Core.Code.Branch.Accept(InstructionVisitor v) in D:\dev\uxmal\reko\master\src\Core\Code\Branch.cs:line 55
   at Reko.Analysis.SsaTransform.LocateDefinedVariables.LocateDefs(Block b) in D:\dev\uxmal\reko\master\src\Decompiler\Analysis\SsaTransform.cs:line 271
   at Reko.Analysis.SsaTransform.LocateAllDefinedVariables(Dictionary`2[] defOrig) in D:\dev\uxmal\reko\master\src\Decompiler\Analysis\SsaTransform.cs:line 95
   at Reko.Analysis.SsaTransform.PlacePhiFunctions() in D:\dev\uxmal\reko\master\src\Decompiler\Analysis\SsaTransform.cs:line 123
   at Reko.Analysis.SsaTransform.Transform() in D:\dev\uxmal\reko\master\src\Decompiler\Analysis\SsaTransform.cs:line 204
   at Reko.Analysis.SsaTransform..ctor(ProgramDataFlow programFlow, Procedure proc, IImportResolver importResolver, DominatorGraph`1 gr, HashSet`1 implicitRegs) in D:\dev\uxmal\reko\master\src\Decompiler\Analysis\SsaTransform.cs:line 66
   at Reko.Analysis.DataFlowAnalysis.BuildExpressionTrees() in D:\dev\uxmal\reko\master\src\Decompiler\Analysis\DataFlowAnalysis.cs:line 87
00000000004004F8: error: An error occurred while processing the statement branch Test(EQ,Z) l0000000000400518.
    The method or operation is not implemented.
       at Reko.Core.Expressions.ExpressionTypeAscenderBase.VisitTestCondition(TestCondition tc) in D:\dev\uxmal\reko\master\src\Core\Expressions\ExpressionTypeAscenderBase.cs:line 418
   at Reko.Core.Expressions.TestCondition.Accept[T](ExpressionVisitor`1 visitor) in D:\dev\uxmal\reko\master\src\Core\Expressions\TestCondition.cs:line 61
   at Reko.Typing.TypeCollector.VisitBranch(Branch branch) in D:\dev\uxmal\reko\master\src\Decompiler\Typing\TypeCollector.cs:line 135
   at Reko.Core.Code.Branch.Accept(InstructionVisitor v) in D:\dev\uxmal\reko\master\src\Core\Code\Branch.cs:line 55
   at Reko.Typing.TypeCollector.CollectTypes() in D:\dev\uxmal\reko\master\src\Decompiler\Typing\TypeCollector.cs:line 77
0000000000400502: error: An error occurred while processing the statement branch Test(EQ,Z) l0000000000400518.
    The method or operation is not implemented.
       at Reko.Core.Expressions.ExpressionTypeAscenderBase.VisitTestCondition(TestCondition tc) in D:\dev\uxmal\reko\master\src\Core\Expressions\ExpressionTypeAscenderBase.cs:line 418
   at Reko.Core.Expressions.TestCondition.Accept[T](ExpressionVisitor`1 visitor) in D:\dev\uxmal\reko\master\src\Core\Expressions\TestCondition.cs:line 61
   at Reko.Typing.TypeCollector.VisitBranch(Branch branch) in D:\dev\uxmal\reko\master\src\Decompiler\Typing\TypeCollector.cs:line 135
   at Reko.Core.Code.Branch.Accept(InstructionVisitor v) in D:\dev\uxmal\reko\master\src\Core\Code\Branch.cs:line 55
   at Reko.Typing.TypeCollector.CollectTypes() in D:\dev\uxmal\reko\master\src\Decompiler\Typing\TypeCollector.cs:line 77
0000000000400668: error: An error occurred while processing the statement branch 0x0000000000600E00 - 0x0000000000600DF8 >> 0x0000000000000003 == 0x0000000000000000 l0000000000400686.
    Pulling difference ptr64 and ptr64
       at Reko.Core.Expressions.ExpressionTypeAscenderBase.PullDiffDataType(DataType dtLeft, DataType dtRight) in D:\dev\uxmal\reko\master\src\Core\Expressions\ExpressionTypeAscenderBase.cs:line 236
   at Reko.Core.Expressions.ExpressionTypeAscenderBase.VisitBinaryExpression(BinaryExpression binExp) in D:\dev\uxmal\reko\master\src\Core\Expressions\ExpressionTypeAscenderBase.cs:line 96
   at Reko.Core.Expressions.BinaryExpression.Accept[T](ExpressionVisitor`1 v) in D:\dev\uxmal\reko\master\src\Core\Expressions\BinaryExpression.cs:line 59
   at Reko.Core.Expressions.ExpressionTypeAscenderBase.VisitBinaryExpression(BinaryExpression binExp) in D:\dev\uxmal\reko\master\src\Core\Expressions\ExpressionTypeAscenderBase.cs:line 83
   at Reko.Core.Expressions.BinaryExpression.Accept[T](ExpressionVisitor`1 v) in D:\dev\uxmal\reko\master\src\Core\Expressions\BinaryExpression.cs:line 59
   at Reko.Core.Expressions.ExpressionTypeAscenderBase.VisitBinaryExpression(BinaryExpression binExp) in D:\dev\uxmal\reko\master\src\Core\Expressions\ExpressionTypeAscenderBase.cs:line 83
   at Reko.Core.Expressions.BinaryExpression.Accept[T](ExpressionVisitor`1 v) in D:\dev\uxmal\reko\master\src\Core\Expressions\BinaryExpression.cs:line 59
   at Reko.Typing.TypeCollector.VisitBranch(Branch branch) in D:\dev\uxmal\reko\master\src\Decompiler\Typing\TypeCollector.cs:line 135
   at Reko.Core.Code.Branch.Accept(InstructionVisitor v) in D:\dev\uxmal\reko\master\src\Core\Code\Branch.cs:line 55
   at Reko.Typing.TypeCollector.CollectTypes() in D:\dev\uxmal\reko\master\src\Decompiler\Typing\TypeCollector.cs:line 77
frame_dummy: error: An error occurred while rewriting procedure to high-level language.
    The given key was not present in the dictionary.
       at System.Collections.Generic.Dictionary`2.get_Item(TKey key)
   at Reko.Structure.StructureAnalysis.BuildRegionGraph(Procedure proc) in D:\dev\uxmal\reko\master\src\Decompiler\Structure\StructureAnalysis.cs:line 208
   at Reko.Structure.StructureAnalysis.Execute() in D:\dev\uxmal\reko\master\src\Decompiler\Structure\StructureAnalysis.cs:line 105
   at Reko.Structure.StructureAnalysis.Structure() in D:\dev\uxmal\reko\master\src\Decompiler\Structure\StructureAnalysis.cs:line 69
   at Reko.DecompilerDriver.StructureProgram() in D:\dev\uxmal\reko\master\src\Decompiler\Decompiler.cs:line 526
00600DF8: warning: Expected sizes of arrays to have been determined by now
00600DF8: warning: Expected sizes of arrays to have been determined by now

=== BENCHFN
*** BENCHFN
error: An error occurred during decompilation. System.NotImplementedException: The method or operation is not implemented.
   at Reko.Arch.M68k.M68kInstructionComparer.OperandHash(MachineOperand op) in D:\dev\uxmal\reko\master\src\Arch\M68k\M68kInstructionComparer.cs:line 95
   at Reko.Arch.M68k.M68kInstructionComparer.GetOperandsHash(MachineInstruction instr) in D:\dev\uxmal\reko\master\src\Arch\M68k\M68kInstructionComparer.cs:line 71
   at Reko.Core.Machine.InstructionComparer.GetHashCode(MachineInstruction instr) in D:\dev\uxmal\reko\master\src\Core\Machine\InstructionComparer.cs:line 90
   at System.Collections.Generic.Dictionary`2.Insert(TKey key, TValue value, Boolean add)
   at System.Collections.Generic.Dictionary`2.Add(TKey key, TValue value)
   at Reko.Scanning.Trie`1.TrieNode.Add(T instr) in D:\dev\uxmal\reko\master\src\Decompiler\Scanning\Trie.cs:line 93
   at Reko.Scanning.Trie`1.Add(T[] instrs) in D:\dev\uxmal\reko\master\src\Decompiler\Scanning\Trie.cs:line 48
   at Reko.Scanning.HeuristicProcedureScanner.ComputeStatistics(ISet`1 valid) in D:\dev\uxmal\reko\master\src\Decompiler\Scanning\HeuristicProcedureScanner.cs:line 131
   at Reko.Scanning.HeuristicProcedureScanner.ResolveBlockConflicts(IEnumerable`1 procedureStarts) in D:\dev\uxmal\reko\master\src\Decompiler\Scanning\HeuristicProcedureScanner.cs:line 62
   at Reko.Scanning.HeuristicScanner.ScanImage() in D:\dev\uxmal\reko\master\src\Decompiler\Scanning\HeuristicScanner.cs:line 170
   at Reko.DecompilerDriver.ScanProgram(Program program) in D:\dev\uxmal\reko\master\src\Decompiler\Decompiler.cs:line 437
   at Reko.DecompilerDriver.ScanPrograms() in D:\dev\uxmal\reko\master\src\Decompiler\Decompiler.cs:line 403
   at Reko.CmdLine.CmdLineDriver.Decompile(Dictionary`2 pArgs) in D:\dev\uxmal\reko\master\src\Drivers\CmdLine\CmdLineDriver.cs:line 130

=== BENCHLNG
*** BENCHLNG
error: An error occurred during decompilation. System.ArgumentNullException: Value cannot be null.
Parameter name: key
   at System.Collections.Generic.Dictionary`2.FindEntry(TKey key)
   at System.Collections.Generic.Dictionary`2.get_Item(TKey key)
   at Reko.Core.Lib.DiGraph`1.Successors(T item) in D:\dev\uxmal\reko\master\src\Core\Lib\DiGraph.cs:line 183
   at Reko.Core.Lib.DfsIterator`1.<PreOrder>d__4.MoveNext() in D:\dev\uxmal\reko\master\src\Core\Lib\DfsIterator.cs:line 56
   at System.Collections.Generic.HashSet`1.UnionWith(IEnumerable`1 other)
   at System.Collections.Generic.HashSet`1..ctor(IEnumerable`1 collection, IEqualityComparer`1 comparer)
   at System.Collections.Generic.HashSet`1..ctor(IEnumerable`1 collection)
   at Reko.Core.EnumerableEx.ToHashSet[TElement](IEnumerable`1 source) in D:\dev\uxmal\reko\master\src\Core\EnumerableEx.cs:line 89
   at Reko.Scanning.HeuristicProcedureScanner.TraceReachableBlocks(IEnumerable`1 procstarts) in D:\dev\uxmal\reko\master\src\Decompiler\Scanning\HeuristicProcedureScanner.cs:line 110
   at Reko.Scanning.HeuristicProcedureScanner.ResolveBlockConflicts(IEnumerable`1 procedureStarts) in D:\dev\uxmal\reko\master\src\Decompiler\Scanning\HeuristicProcedureScanner.cs:line 61
   at Reko.Scanning.HeuristicScanner.ScanImage() in D:\dev\uxmal\reko\master\src\Decompiler\Scanning\HeuristicScanner.cs:line 170
   at Reko.DecompilerDriver.ScanProgram(Program program) in D:\dev\uxmal\reko\master\src\Decompiler\Decompiler.cs:line 437
   at Reko.DecompilerDriver.ScanPrograms() in D:\dev\uxmal\reko\master\src\Decompiler\Decompiler.cs:line 403
   at Reko.CmdLine.CmdLineDriver.Decompile(Dictionary`2 pArgs) in D:\dev\uxmal\reko\master\src\Drivers\CmdLine\CmdLineDriver.cs:line 130

=== BENCHMUL
*** BENCHMUL
error: An error occurred during decompilation. System.ArgumentNullException: Value cannot be null.
Parameter name: key
   at System.Collections.Generic.Dictionary`2.FindEntry(TKey key)
   at System.Collections.Generic.Dictionary`2.get_Item(TKey key)
   at Reko.Core.Lib.DiGraph`1.Successors(T item) in D:\dev\uxmal\reko\master\src\Core\Lib\DiGraph.cs:line 183
   at Reko.Core.Lib.DfsIterator`1.<PreOrder>d__4.MoveNext() in D:\dev\uxmal\reko\master\src\Core\Lib\DfsIterator.cs:line 56
   at System.Collections.Generic.HashSet`1.UnionWith(IEnumerable`1 other)
   at System.Collections.Generic.HashSet`1..ctor(IEnumerable`1 collection, IEqualityComparer`1 comparer)
   at System.Collections.Generic.HashSet`1..ctor(IEnumerable`1 collection)
   at Reko.Core.EnumerableEx.ToHashSet[TElement](IEnumerable`1 source) in D:\dev\uxmal\reko\master\src\Core\EnumerableEx.cs:line 89
   at Reko.Scanning.HeuristicProcedureScanner.TraceReachableBlocks(IEnumerable`1 procstarts) in D:\dev\uxmal\reko\master\src\Decompiler\Scanning\HeuristicProcedureScanner.cs:line 110
   at Reko.Scanning.HeuristicProcedureScanner.ResolveBlockConflicts(IEnumerable`1 procedureStarts) in D:\dev\uxmal\reko\master\src\Decompiler\Scanning\HeuristicProcedureScanner.cs:line 61
   at Reko.Scanning.HeuristicScanner.ScanImage() in D:\dev\uxmal\reko\master\src\Decompiler\Scanning\HeuristicScanner.cs:line 170
   at Reko.DecompilerDriver.ScanProgram(Program program) in D:\dev\uxmal\reko\master\src\Decompiler\Decompiler.cs:line 437
   at Reko.DecompilerDriver.ScanPrograms() in D:\dev\uxmal\reko\master\src\Decompiler\Decompiler.cs:line 403
   at Reko.CmdLine.CmdLineDriver.Decompile(Dictionary`2 pArgs) in D:\dev\uxmal\reko\master\src\Drivers\CmdLine\CmdLineDriver.cs:line 130

=== BYTEOPS
*** BYTEOPS
error: An error occurred during decompilation. System.NotImplementedException: The method or operation is not implemented.
   at Reko.Arch.M68k.M68kInstructionComparer.OperandHash(MachineOperand op) in D:\dev\uxmal\reko\master\src\Arch\M68k\M68kInstructionComparer.cs:line 95
   at Reko.Arch.M68k.M68kInstructionComparer.GetOperandsHash(MachineInstruction instr) in D:\dev\uxmal\reko\master\src\Arch\M68k\M68kInstructionComparer.cs:line 71
   at Reko.Core.Machine.InstructionComparer.GetHashCode(MachineInstruction instr) in D:\dev\uxmal\reko\master\src\Core\Machine\InstructionComparer.cs:line 90
   at System.Collections.Generic.Dictionary`2.Insert(TKey key, TValue value, Boolean add)
   at System.Collections.Generic.Dictionary`2.Add(TKey key, TValue value)
   at Reko.Scanning.Trie`1.TrieNode.Add(T instr) in D:\dev\uxmal\reko\master\src\Decompiler\Scanning\Trie.cs:line 93
   at Reko.Scanning.Trie`1.Add(T[] instrs) in D:\dev\uxmal\reko\master\src\Decompiler\Scanning\Trie.cs:line 48
   at Reko.Scanning.HeuristicProcedureScanner.ComputeStatistics(ISet`1 valid) in D:\dev\uxmal\reko\master\src\Decompiler\Scanning\HeuristicProcedureScanner.cs:line 131
   at Reko.Scanning.HeuristicProcedureScanner.ResolveBlockConflicts(IEnumerable`1 procedureStarts) in D:\dev\uxmal\reko\master\src\Decompiler\Scanning\HeuristicProcedureScanner.cs:line 62
   at Reko.Scanning.HeuristicScanner.ScanImage() in D:\dev\uxmal\reko\master\src\Decompiler\Scanning\HeuristicScanner.cs:line 170
   at Reko.DecompilerDriver.ScanProgram(Program program) in D:\dev\uxmal\reko\master\src\Decompiler\Decompiler.cs:line 437
   at Reko.DecompilerDriver.ScanPrograms() in D:\dev\uxmal\reko\master\src\Decompiler\Decompiler.cs:line 403
   at Reko.CmdLine.CmdLineDriver.Decompile(Dictionary`2 pArgs) in D:\dev\uxmal\reko\master\src\Drivers\CmdLine\CmdLineDriver.cs:line 130

=== FIBO
*** FIBO
error: An error occurred during decompilation. System.NotImplementedException: The method or operation is not implemented.
   at Reko.Arch.M68k.M68kInstructionComparer.OperandHash(MachineOperand op) in D:\dev\uxmal\reko\master\src\Arch\M68k\M68kInstructionComparer.cs:line 95
   at Reko.Arch.M68k.M68kInstructionComparer.GetOperandsHash(MachineInstruction instr) in D:\dev\uxmal\reko\master\src\Arch\M68k\M68kInstructionComparer.cs:line 71
   at Reko.Core.Machine.InstructionComparer.GetHashCode(MachineInstruction instr) in D:\dev\uxmal\reko\master\src\Core\Machine\InstructionComparer.cs:line 90
   at System.Collections.Generic.Dictionary`2.Insert(TKey key, TValue value, Boolean add)
   at System.Collections.Generic.Dictionary`2.Add(TKey key, TValue value)
   at Reko.Scanning.Trie`1.TrieNode.Add(T instr) in D:\dev\uxmal\reko\master\src\Decompiler\Scanning\Trie.cs:line 93
   at Reko.Scanning.Trie`1.Add(T[] instrs) in D:\dev\uxmal\reko\master\src\Decompiler\Scanning\Trie.cs:line 48
   at Reko.Scanning.HeuristicProcedureScanner.ComputeStatistics(ISet`1 valid) in D:\dev\uxmal\reko\master\src\Decompiler\Scanning\HeuristicProcedureScanner.cs:line 131
   at Reko.Scanning.HeuristicProcedureScanner.ResolveBlockConflicts(IEnumerable`1 procedureStarts) in D:\dev\uxmal\reko\master\src\Decompiler\Scanning\HeuristicProcedureScanner.cs:line 62
   at Reko.Scanning.HeuristicScanner.ScanImage() in D:\dev\uxmal\reko\master\src\Decompiler\Scanning\HeuristicScanner.cs:line 170
   at Reko.DecompilerDriver.ScanProgram(Program program) in D:\dev\uxmal\reko\master\src\Decompiler\Decompiler.cs:line 437
   at Reko.DecompilerDriver.ScanPrograms() in D:\dev\uxmal\reko\master\src\Decompiler\Decompiler.cs:line 403
   at Reko.CmdLine.CmdLineDriver.Decompile(Dictionary`2 pArgs) in D:\dev\uxmal\reko\master\src\Drivers\CmdLine\CmdLineDriver.cs:line 130

=== MATRIXMU
*** MATRIXMU
error: An error occurred during decompilation. System.NotImplementedException: The method or operation is not implemented.
   at Reko.Arch.M68k.M68kInstructionComparer.OperandHash(MachineOperand op) in D:\dev\uxmal\reko\master\src\Arch\M68k\M68kInstructionComparer.cs:line 95
   at Reko.Arch.M68k.M68kInstructionComparer.GetOperandsHash(MachineInstruction instr) in D:\dev\uxmal\reko\master\src\Arch\M68k\M68kInstructionComparer.cs:line 71
   at Reko.Core.Machine.InstructionComparer.GetHashCode(MachineInstruction instr) in D:\dev\uxmal\reko\master\src\Core\Machine\InstructionComparer.cs:line 90
   at System.Collections.Generic.Dictionary`2.Insert(TKey key, TValue value, Boolean add)
   at System.Collections.Generic.Dictionary`2.Add(TKey key, TValue value)
   at Reko.Scanning.Trie`1.TrieNode.Add(T instr) in D:\dev\uxmal\reko\master\src\Decompiler\Scanning\Trie.cs:line 93
   at Reko.Scanning.Trie`1.Add(T[] instrs) in D:\dev\uxmal\reko\master\src\Decompiler\Scanning\Trie.cs:line 48
   at Reko.Scanning.HeuristicProcedureScanner.ComputeStatistics(ISet`1 valid) in D:\dev\uxmal\reko\master\src\Decompiler\Scanning\HeuristicProcedureScanner.cs:line 131
   at Reko.Scanning.HeuristicProcedureScanner.ResolveBlockConflicts(IEnumerable`1 procedureStarts) in D:\dev\uxmal\reko\master\src\Decompiler\Scanning\HeuristicProcedureScanner.cs:line 62
   at Reko.Scanning.HeuristicScanner.ScanImage() in D:\dev\uxmal\reko\master\src\Decompiler\Scanning\HeuristicScanner.cs:line 170
   at Reko.DecompilerDriver.ScanProgram(Program program) in D:\dev\uxmal\reko\master\src\Decompiler\Decompiler.cs:line 437
   at Reko.DecompilerDriver.ScanPrograms() in D:\dev\uxmal\reko\master\src\Decompiler\Decompiler.cs:line 403
   at Reko.CmdLine.CmdLineDriver.Decompile(Dictionary`2 pArgs) in D:\dev\uxmal\reko\master\src\Drivers\CmdLine\CmdLineDriver.cs:line 130

=== MAX
*** MAX
error: An error occurred during decompilation. System.NotImplementedException: The method or operation is not implemented.
   at Reko.Arch.M68k.M68kInstructionComparer.OperandHash(MachineOperand op) in D:\dev\uxmal\reko\master\src\Arch\M68k\M68kInstructionComparer.cs:line 95
   at Reko.Arch.M68k.M68kInstructionComparer.GetOperandsHash(MachineInstruction instr) in D:\dev\uxmal\reko\master\src\Arch\M68k\M68kInstructionComparer.cs:line 71
   at Reko.Core.Machine.InstructionComparer.GetHashCode(MachineInstruction instr) in D:\dev\uxmal\reko\master\src\Core\Machine\InstructionComparer.cs:line 90
   at System.Collections.Generic.Dictionary`2.Insert(TKey key, TValue value, Boolean add)
   at System.Collections.Generic.Dictionary`2.Add(TKey key, TValue value)
   at Reko.Scanning.Trie`1.TrieNode.Add(T instr) in D:\dev\uxmal\reko\master\src\Decompiler\Scanning\Trie.cs:line 93
   at Reko.Scanning.Trie`1.Add(T[] instrs) in D:\dev\uxmal\reko\master\src\Decompiler\Scanning\Trie.cs:line 48
   at Reko.Scanning.HeuristicProcedureScanner.ComputeStatistics(ISet`1 valid) in D:\dev\uxmal\reko\master\src\Decompiler\Scanning\HeuristicProcedureScanner.cs:line 131
   at Reko.Scanning.HeuristicProcedureScanner.ResolveBlockConflicts(IEnumerable`1 procedureStarts) in D:\dev\uxmal\reko\master\src\Decompiler\Scanning\HeuristicProcedureScanner.cs:line 62
   at Reko.Scanning.HeuristicScanner.ScanImage() in D:\dev\uxmal\reko\master\src\Decompiler\Scanning\HeuristicScanner.cs:line 170
   at Reko.DecompilerDriver.ScanProgram(Program program) in D:\dev\uxmal\reko\master\src\Decompiler\Decompiler.cs:line 437
   at Reko.DecompilerDriver.ScanPrograms() in D:\dev\uxmal\reko\master\src\Decompiler\Decompiler.cs:line 403
   at Reko.CmdLine.CmdLineDriver.Decompile(Dictionary`2 pArgs) in D:\dev\uxmal\reko\master\src\Drivers\CmdLine\CmdLineDriver.cs:line 130

=== STRLEN
*** STRLEN
error: An error occurred during decompilation. System.NotImplementedException: The method or operation is not implemented.
   at Reko.Arch.M68k.M68kInstructionComparer.OperandHash(MachineOperand op) in D:\dev\uxmal\reko\master\src\Arch\M68k\M68kInstructionComparer.cs:line 95
   at Reko.Arch.M68k.M68kInstructionComparer.GetOperandsHash(MachineInstruction instr) in D:\dev\uxmal\reko\master\src\Arch\M68k\M68kInstructionComparer.cs:line 71
   at Reko.Core.Machine.InstructionComparer.GetHashCode(MachineInstruction instr) in D:\dev\uxmal\reko\master\src\Core\Machine\InstructionComparer.cs:line 90
   at System.Collections.Generic.Dictionary`2.Insert(TKey key, TValue value, Boolean add)
   at System.Collections.Generic.Dictionary`2.Add(TKey key, TValue value)
   at Reko.Scanning.Trie`1.TrieNode.Add(T instr) in D:\dev\uxmal\reko\master\src\Decompiler\Scanning\Trie.cs:line 93
   at Reko.Scanning.Trie`1.Add(T[] instrs) in D:\dev\uxmal\reko\master\src\Decompiler\Scanning\Trie.cs:line 48
   at Reko.Scanning.HeuristicProcedureScanner.ComputeStatistics(ISet`1 valid) in D:\dev\uxmal\reko\master\src\Decompiler\Scanning\HeuristicProcedureScanner.cs:line 131
   at Reko.Scanning.HeuristicProcedureScanner.ResolveBlockConflicts(IEnumerable`1 procedureStarts) in D:\dev\uxmal\reko\master\src\Decompiler\Scanning\HeuristicProcedureScanner.cs:line 62
   at Reko.Scanning.HeuristicScanner.ScanImage() in D:\dev\uxmal\reko\master\src\Decompiler\Scanning\HeuristicScanner.cs:line 170
   at Reko.DecompilerDriver.ScanProgram(Program program) in D:\dev\uxmal\reko\master\src\Decompiler\Decompiler.cs:line 437
   at Reko.DecompilerDriver.ScanPrograms() in D:\dev\uxmal\reko\master\src\Decompiler\Decompiler.cs:line 403
   at Reko.CmdLine.CmdLineDriver.Decompile(Dictionary`2 pArgs) in D:\dev\uxmal\reko\master\src\Drivers\CmdLine\CmdLineDriver.cs:line 130

=== TESTLONG
*** TESTLONG
error: An error occurred during decompilation. System.NotImplementedException: The method or operation is not implemented.
   at Reko.Arch.M68k.M68kInstructionComparer.OperandHash(MachineOperand op) in D:\dev\uxmal\reko\master\src\Arch\M68k\M68kInstructionComparer.cs:line 95
   at Reko.Arch.M68k.M68kInstructionComparer.GetOperandsHash(MachineInstruction instr) in D:\dev\uxmal\reko\master\src\Arch\M68k\M68kInstructionComparer.cs:line 71
   at Reko.Core.Machine.InstructionComparer.GetHashCode(MachineInstruction instr) in D:\dev\uxmal\reko\master\src\Core\Machine\InstructionComparer.cs:line 90
   at System.Collections.Generic.Dictionary`2.Insert(TKey key, TValue value, Boolean add)
   at System.Collections.Generic.Dictionary`2.Add(TKey key, TValue value)
   at Reko.Scanning.Trie`1.TrieNode.Add(T instr) in D:\dev\uxmal\reko\master\src\Decompiler\Scanning\Trie.cs:line 93
   at Reko.Scanning.Trie`1.Add(T[] instrs) in D:\dev\uxmal\reko\master\src\Decompiler\Scanning\Trie.cs:line 48
   at Reko.Scanning.HeuristicProcedureScanner.ComputeStatistics(ISet`1 valid) in D:\dev\uxmal\reko\master\src\Decompiler\Scanning\HeuristicProcedureScanner.cs:line 131
   at Reko.Scanning.HeuristicProcedureScanner.ResolveBlockConflicts(IEnumerable`1 procedureStarts) in D:\dev\uxmal\reko\master\src\Decompiler\Scanning\HeuristicProcedureScanner.cs:line 62
   at Reko.Scanning.HeuristicScanner.ScanImage() in D:\dev\uxmal\reko\master\src\Decompiler\Scanning\HeuristicScanner.cs:line 170
   at Reko.DecompilerDriver.ScanProgram(Program program) in D:\dev\uxmal\reko\master\src\Decompiler\Decompiler.cs:line 437
   at Reko.DecompilerDriver.ScanPrograms() in D:\dev\uxmal\reko\master\src\Decompiler\Decompiler.cs:line 403
   at Reko.CmdLine.CmdLineDriver.Decompile(Dictionary`2 pArgs) in D:\dev\uxmal\reko\master\src\Drivers\CmdLine\CmdLineDriver.cs:line 130

=== BENCHFN.dcproject
*** BENCHFN.dcproject
Heuristics: Scanned image in 1.3804247 seconds, finding 0 blocks.
0800:1140: warning: Can't determine size of jump vector; probing only one entry.
0800:17B2: warning: Can't determine size of jump vector; probing only one entry.
0800:1737: error: Indirect call rewriter encountered an error while processing the statement call SEQ(cs_40, Mem149[ss_43:bp_50 + 0x0004:word16]) (retsize: 2; depth: 2)	uses: al_55,ax_142,bh_35,bl_36,bLoc2B,bp_50,bx_37,C_59,cs_40,cx_44,CZ_34,D_42,di_143,ds_41,es_46,S_38,SCZO_94,si_54,SO_39,sp_148,ss_43,SZO_146,wLoc02_4,wLoc24,wLoc28_145,wLoc2A_14,wLoc2E_10,wLoc30_13,wLoc32_18,Z_95	defs: al_160,ax_165,bh_172,bl_171,bp_153,bx_170,C_163,cs_166,cx_167,CZ_173,D_159,di_157,ds_161,es_158,S_169,SCZO_155,si_156,SO_168,sp_152,ss_154,SZO_162,Z_164.
    Unable to cast object of type 'Reko.Core.Expressions.Identifier' to type 'Reko.Core.Expressions.MemoryIdentifier'.
       at Reko.Core.Code.InstructionTransformer.VisitSegmentedAccess(SegmentedAccess access) in D:\dev\uxmal\reko\master\src\Core\Code\InstructionTransformer.cs:line 249
   at Reko.Core.Expressions.SegmentedAccess.Accept[T](ExpressionVisitor`1 visit) in D:\dev\uxmal\reko\master\src\Core\Expressions\MemoryAccess.cs:line 111
   at Reko.Core.Code.InstructionTransformer.VisitMkSequence(MkSequence seq) in D:\dev\uxmal\reko\master\src\Core\Code\InstructionTransformer.cs:line 217
   at Reko.Core.Expressions.MkSequence.Accept[T](ExpressionVisitor`1 v) in D:\dev\uxmal\reko\master\src\Core\Expressions\MkSequence.cs:line 58
   at Reko.Analysis.IndirectCallExpander.Expand(Expression e) in D:\dev\uxmal\reko\master\src\Decompiler\Analysis\IndirectCallRewriter.cs:line 204
   at Reko.Analysis.IndirectCallRewriter.RewriteCall(Statement stm, CallInstruction call) in D:\dev\uxmal\reko\master\src\Decompiler\Analysis\IndirectCallRewriter.cs:line 97
   at Reko.Analysis.IndirectCallRewriter.Rewrite() in D:\dev\uxmal\reko\master\src\Decompiler\Analysis\IndirectCallRewriter.cs:line 80
0800:176B: error: Indirect call rewriter encountered an error while processing the statement call SEQ(cs_250, Mem278[ss_254:bp_261 + 0x0006:word16]) (retsize: 2; depth: 2)	uses: al_265,ax_264,bh_268,bl_269,bLoc2B,bp_261,bx_270,C_273,cs_250,cx_255,CZ_247,D_253,di_259,ds_252,es_257,S_272,SCZO_256,si_260,SO_249,sp_277,ss_254,SZO_271,wLoc02_4,wLoc24,wLoc28_246,wLoc2A_14,wLoc2E_10,wLoc30_13,wLoc32_18,Z_251	defs: al_287,ax_292,bh_299,bl_298,bp_280,bx_297,C_290,cs_293,cx_294,CZ_300,D_286,di_284,ds_288,es_285,S_296,SCZO_282,si_283,SO_295,sp_279,ss_281,SZO_289,Z_291.
    Unable to cast object of type 'Reko.Core.Expressions.DepositBits' to type 'Reko.Core.Expressions.MemoryIdentifier'.
       at Reko.Core.Code.InstructionTransformer.VisitSegmentedAccess(SegmentedAccess access) in D:\dev\uxmal\reko\master\src\Core\Code\InstructionTransformer.cs:line 249
   at Reko.Core.Expressions.SegmentedAccess.Accept[T](ExpressionVisitor`1 visit) in D:\dev\uxmal\reko\master\src\Core\Expressions\MemoryAccess.cs:line 111
   at Reko.Core.Code.InstructionTransformer.VisitMkSequence(MkSequence seq) in D:\dev\uxmal\reko\master\src\Core\Code\InstructionTransformer.cs:line 217
   at Reko.Core.Expressions.MkSequence.Accept[T](ExpressionVisitor`1 v) in D:\dev\uxmal\reko\master\src\Core\Expressions\MkSequence.cs:line 58
   at Reko.Analysis.IndirectCallExpander.Expand(Expression e) in D:\dev\uxmal\reko\master\src\Decompiler\Analysis\IndirectCallRewriter.cs:line 204
   at Reko.Analysis.IndirectCallRewriter.RewriteCall(Statement stm, CallInstruction call) in D:\dev\uxmal\reko\master\src\Decompiler\Analysis\IndirectCallRewriter.cs:line 97
   at Reko.Analysis.IndirectCallRewriter.Rewrite() in D:\dev\uxmal\reko\master\src\Decompiler\Analysis\IndirectCallRewriter.cs:line 80
0800:175C: error: Indirect call rewriter encountered an error while processing the statement call SEQ(cs_250, Mem315[ss_254:bp_261 + 0x0004:word16]) (retsize: 2; depth: 2)	uses: al_265,ax_264,bh_268,bl_269,bLoc2B,bp_261,bx_270,C_273,cs_250,cx_255,CZ_247,D_253,di_259,ds_252,es_257,S_272,SCZO_308,si_260,SO_249,sp_314,ss_254,SZO_312,wLoc02_4,wLoc24,wLoc28_311,wLoc2A_14,wLoc2E_10,wLoc30_13,wLoc32_18,Z_309	defs: al_324,ax_329,bh_336,bl_335,bp_317,bx_334,C_327,cs_330,cx_331,CZ_337,D_323,di_321,ds_325,es_322,S_333,SCZO_319,si_320,SO_332,sp_316,ss_318,SZO_326,Z_328.
    Unable to cast object of type 'Reko.Core.Expressions.Identifier' to type 'Reko.Core.Expressions.MemoryIdentifier'.
       at Reko.Core.Code.InstructionTransformer.VisitSegmentedAccess(SegmentedAccess access) in D:\dev\uxmal\reko\master\src\Core\Code\InstructionTransformer.cs:line 249
   at Reko.Core.Expressions.SegmentedAccess.Accept[T](ExpressionVisitor`1 visit) in D:\dev\uxmal\reko\master\src\Core\Expressions\MemoryAccess.cs:line 111
   at Reko.Core.Code.InstructionTransformer.VisitMkSequence(MkSequence seq) in D:\dev\uxmal\reko\master\src\Core\Code\InstructionTransformer.cs:line 217
   at Reko.Core.Expressions.MkSequence.Accept[T](ExpressionVisitor`1 v) in D:\dev\uxmal\reko\master\src\Core\Expressions\MkSequence.cs:line 58
   at Reko.Analysis.IndirectCallExpander.Expand(Expression e) in D:\dev\uxmal\reko\master\src\Decompiler\Analysis\IndirectCallRewriter.cs:line 204
   at Reko.Analysis.IndirectCallRewriter.RewriteCall(Statement stm, CallInstruction call) in D:\dev\uxmal\reko\master\src\Decompiler\Analysis\IndirectCallRewriter.cs:line 97
   at Reko.Analysis.IndirectCallRewriter.Rewrite() in D:\dev\uxmal\reko\master\src\Decompiler\Analysis\IndirectCallRewriter.cs:line 80
0800:1AF2: error: Indirect call rewriter encountered an error while processing the statement call SEQ(cs_40, Mem108[ss_100:bp_50 + 0x0006:word16]) (retsize: 2; depth: 2)	uses: al_55,ax_106,bh_35,bl_36,bLoc2B_97,bp_50,bx_37,C_59,cs_40,cx_44,CZ_34,D_42,di_48,ds_41,es_46,S_38,SCZO_94,si_54,SO_39,sp_107,ss_100,SZO_57,wLoc02_4,wLoc24_96,wLoc28_99,wLoc2A_14,wLoc2E_10,wLoc30_13,wLoc32_18,Z_95	defs: al_117,ax_122,bh_129,bl_128,bp_110,bx_127,C_120,cs_123,cx_124,CZ_130,D_116,di_114,ds_118,es_115,S_126,SCZO_112,si_113,SO_125,sp_109,ss_111,SZO_119,Z_121.
    Unable to cast object of type 'Reko.Core.Expressions.ConstantUInt16' to type 'Reko.Core.Expressions.MemoryIdentifier'.
       at Reko.Core.Code.InstructionTransformer.VisitSegmentedAccess(SegmentedAccess access) in D:\dev\uxmal\reko\master\src\Core\Code\InstructionTransformer.cs:line 249
   at Reko.Core.Expressions.SegmentedAccess.Accept[T](ExpressionVisitor`1 visit) in D:\dev\uxmal\reko\master\src\Core\Expressions\MemoryAccess.cs:line 111
   at Reko.Core.Code.InstructionTransformer.VisitMkSequence(MkSequence seq) in D:\dev\uxmal\reko\master\src\Core\Code\InstructionTransformer.cs:line 217
   at Reko.Core.Expressions.MkSequence.Accept[T](ExpressionVisitor`1 v) in D:\dev\uxmal\reko\master\src\Core\Expressions\MkSequence.cs:line 58
   at Reko.Analysis.IndirectCallExpander.Expand(Expression e) in D:\dev\uxmal\reko\master\src\Decompiler\Analysis\IndirectCallRewriter.cs:line 204
   at Reko.Analysis.IndirectCallRewriter.RewriteCall(Statement stm, CallInstruction call) in D:\dev\uxmal\reko\master\src\Decompiler\Analysis\IndirectCallRewriter.cs:line 97
   at Reko.Analysis.IndirectCallRewriter.Rewrite() in D:\dev\uxmal\reko\master\src\Decompiler\Analysis\IndirectCallRewriter.cs:line 80
0800:177D: error: Indirect call rewriter encountered an error while processing the statement call SEQ(cs_166, Mem214[ss_154:bp_153 + 0x0006:word16]) (retsize: 2; depth: 2)	uses: al_177,ax_176,bh_172,bl_171,bLoc2B,bp_153,bx_170,C_207,cs_166,cx_174,CZ_173,D_159,di_204,ds_161,es_158,S_206,SCZO_208,si_156,SO_179,sp_213,ss_154,SZO_205,wLoc02_4,wLoc24,wLoc28_145,wLoc2A_14,wLoc2E_10,wLoc30_13,wLoc32_18,Z_209	defs: al_223,ax_228,bh_235,bl_234,bp_216,bx_233,C_226,cs_229,cx_230,CZ_236,D_222,di_220,ds_224,es_221,S_232,SCZO_218,si_219,SO_231,sp_215,ss_217,SZO_225,Z_227.
    Unable to cast object of type 'Reko.Core.Expressions.BinaryExpression' to type 'Reko.Core.Expressions.MemoryIdentifier'.
       at Reko.Core.Code.InstructionTransformer.VisitSegmentedAccess(SegmentedAccess access) in D:\dev\uxmal\reko\master\src\Core\Code\InstructionTransformer.cs:line 249
   at Reko.Core.Expressions.SegmentedAccess.Accept[T](ExpressionVisitor`1 visit) in D:\dev\uxmal\reko\master\src\Core\Expressions\MemoryAccess.cs:line 111
   at Reko.Core.Code.InstructionTransformer.VisitMkSequence(MkSequence seq) in D:\dev\uxmal\reko\master\src\Core\Code\InstructionTransformer.cs:line 217
   at Reko.Core.Expressions.MkSequence.Accept[T](ExpressionVisitor`1 v) in D:\dev\uxmal\reko\master\src\Core\Expressions\MkSequence.cs:line 58
   at Reko.Analysis.IndirectCallExpander.Expand(Expression e) in D:\dev\uxmal\reko\master\src\Decompiler\Analysis\IndirectCallRewriter.cs:line 204
   at Reko.Analysis.IndirectCallRewriter.RewriteCall(Statement stm, CallInstruction call) in D:\dev\uxmal\reko\master\src\Decompiler\Analysis\IndirectCallRewriter.cs:line 97
   at Reko.Analysis.IndirectCallRewriter.Rewrite() in D:\dev\uxmal\reko\master\src\Decompiler\Analysis\IndirectCallRewriter.cs:line 80
fn0800_1099: warning: Structure analysis stopped making progress, quitting. Please report this issue at https://github.com/uxmal/reko

=== BENCHFN.EXE
*** BENCHFN.EXE
Heuristics: Scanned image in 1.298775 seconds, finding 0 blocks.
0800:1140: warning: Can't determine size of jump vector; probing only one entry.
0800:17B2: warning: Can't determine size of jump vector; probing only one entry.
0800:1737: error: Indirect call rewriter encountered an error while processing the statement call SEQ(cs_40, Mem149[ss_43:bp_50 + 0x0004:word16]) (retsize: 2; depth: 2)	uses: al_55,ax_142,bh_35,bl_36,bLoc2B,bp_50,bx_37,C_59,cs_40,cx_44,CZ_34,D_42,di_143,ds_41,es_46,S_38,SCZO_94,si_54,SO_39,sp_148,ss_43,SZO_146,wLoc02_4,wLoc24,wLoc28_145,wLoc2A_14,wLoc2E_10,wLoc30_13,wLoc32_18,Z_95	defs: al_160,ax_165,bh_172,bl_171,bp_153,bx_170,C_163,cs_166,cx_167,CZ_173,D_159,di_157,ds_161,es_158,S_169,SCZO_155,si_156,SO_168,sp_152,ss_154,SZO_162,Z_164.
    Unable to cast object of type 'Reko.Core.Expressions.Identifier' to type 'Reko.Core.Expressions.MemoryIdentifier'.
       at Reko.Core.Code.InstructionTransformer.VisitSegmentedAccess(SegmentedAccess access) in D:\dev\uxmal\reko\master\src\Core\Code\InstructionTransformer.cs:line 249
   at Reko.Core.Expressions.SegmentedAccess.Accept[T](ExpressionVisitor`1 visit) in D:\dev\uxmal\reko\master\src\Core\Expressions\MemoryAccess.cs:line 111
   at Reko.Core.Code.InstructionTransformer.VisitMkSequence(MkSequence seq) in D:\dev\uxmal\reko\master\src\Core\Code\InstructionTransformer.cs:line 217
   at Reko.Core.Expressions.MkSequence.Accept[T](ExpressionVisitor`1 v) in D:\dev\uxmal\reko\master\src\Core\Expressions\MkSequence.cs:line 58
   at Reko.Analysis.IndirectCallExpander.Expand(Expression e) in D:\dev\uxmal\reko\master\src\Decompiler\Analysis\IndirectCallRewriter.cs:line 204
   at Reko.Analysis.IndirectCallRewriter.RewriteCall(Statement stm, CallInstruction call) in D:\dev\uxmal\reko\master\src\Decompiler\Analysis\IndirectCallRewriter.cs:line 97
   at Reko.Analysis.IndirectCallRewriter.Rewrite() in D:\dev\uxmal\reko\master\src\Decompiler\Analysis\IndirectCallRewriter.cs:line 80
0800:176B: error: Indirect call rewriter encountered an error while processing the statement call SEQ(cs_250, Mem278[ss_254:bp_261 + 0x0006:word16]) (retsize: 2; depth: 2)	uses: al_265,ax_264,bh_268,bl_269,bLoc2B,bp_261,bx_270,C_273,cs_250,cx_255,CZ_247,D_253,di_259,ds_252,es_257,S_272,SCZO_256,si_260,SO_249,sp_277,ss_254,SZO_271,wLoc02_4,wLoc24,wLoc28_246,wLoc2A_14,wLoc2E_10,wLoc30_13,wLoc32_18,Z_251	defs: al_287,ax_292,bh_299,bl_298,bp_280,bx_297,C_290,cs_293,cx_294,CZ_300,D_286,di_284,ds_288,es_285,S_296,SCZO_282,si_283,SO_295,sp_279,ss_281,SZO_289,Z_291.
    Unable to cast object of type 'Reko.Core.Expressions.DepositBits' to type 'Reko.Core.Expressions.MemoryIdentifier'.
       at Reko.Core.Code.InstructionTransformer.VisitSegmentedAccess(SegmentedAccess access) in D:\dev\uxmal\reko\master\src\Core\Code\InstructionTransformer.cs:line 249
   at Reko.Core.Expressions.SegmentedAccess.Accept[T](ExpressionVisitor`1 visit) in D:\dev\uxmal\reko\master\src\Core\Expressions\MemoryAccess.cs:line 111
   at Reko.Core.Code.InstructionTransformer.VisitMkSequence(MkSequence seq) in D:\dev\uxmal\reko\master\src\Core\Code\InstructionTransformer.cs:line 217
   at Reko.Core.Expressions.MkSequence.Accept[T](ExpressionVisitor`1 v) in D:\dev\uxmal\reko\master\src\Core\Expressions\MkSequence.cs:line 58
   at Reko.Analysis.IndirectCallExpander.Expand(Expression e) in D:\dev\uxmal\reko\master\src\Decompiler\Analysis\IndirectCallRewriter.cs:line 204
   at Reko.Analysis.IndirectCallRewriter.RewriteCall(Statement stm, CallInstruction call) in D:\dev\uxmal\reko\master\src\Decompiler\Analysis\IndirectCallRewriter.cs:line 97
   at Reko.Analysis.IndirectCallRewriter.Rewrite() in D:\dev\uxmal\reko\master\src\Decompiler\Analysis\IndirectCallRewriter.cs:line 80
0800:175C: error: Indirect call rewriter encountered an error while processing the statement call SEQ(cs_250, Mem315[ss_254:bp_261 + 0x0004:word16]) (retsize: 2; depth: 2)	uses: al_265,ax_264,bh_268,bl_269,bLoc2B,bp_261,bx_270,C_273,cs_250,cx_255,CZ_247,D_253,di_259,ds_252,es_257,S_272,SCZO_308,si_260,SO_249,sp_314,ss_254,SZO_312,wLoc02_4,wLoc24,wLoc28_311,wLoc2A_14,wLoc2E_10,wLoc30_13,wLoc32_18,Z_309	defs: al_324,ax_329,bh_336,bl_335,bp_317,bx_334,C_327,cs_330,cx_331,CZ_337,D_323,di_321,ds_325,es_322,S_333,SCZO_319,si_320,SO_332,sp_316,ss_318,SZO_326,Z_328.
    Unable to cast object of type 'Reko.Core.Expressions.Identifier' to type 'Reko.Core.Expressions.MemoryIdentifier'.
       at Reko.Core.Code.InstructionTransformer.VisitSegmentedAccess(SegmentedAccess access) in D:\dev\uxmal\reko\master\src\Core\Code\InstructionTransformer.cs:line 249
   at Reko.Core.Expressions.SegmentedAccess.Accept[T](ExpressionVisitor`1 visit) in D:\dev\uxmal\reko\master\src\Core\Expressions\MemoryAccess.cs:line 111
   at Reko.Core.Code.InstructionTransformer.VisitMkSequence(MkSequence seq) in D:\dev\uxmal\reko\master\src\Core\Code\InstructionTransformer.cs:line 217
   at Reko.Core.Expressions.MkSequence.Accept[T](ExpressionVisitor`1 v) in D:\dev\uxmal\reko\master\src\Core\Expressions\MkSequence.cs:line 58
   at Reko.Analysis.IndirectCallExpander.Expand(Expression e) in D:\dev\uxmal\reko\master\src\Decompiler\Analysis\IndirectCallRewriter.cs:line 204
   at Reko.Analysis.IndirectCallRewriter.RewriteCall(Statement stm, CallInstruction call) in D:\dev\uxmal\reko\master\src\Decompiler\Analysis\IndirectCallRewriter.cs:line 97
   at Reko.Analysis.IndirectCallRewriter.Rewrite() in D:\dev\uxmal\reko\master\src\Decompiler\Analysis\IndirectCallRewriter.cs:line 80
0800:1AF2: error: Indirect call rewriter encountered an error while processing the statement call SEQ(cs_40, Mem108[ss_100:bp_50 + 0x0006:word16]) (retsize: 2; depth: 2)	uses: al_55,ax_106,bh_35,bl_36,bLoc2B_97,bp_50,bx_37,C_59,cs_40,cx_44,CZ_34,D_42,di_48,ds_41,es_46,S_38,SCZO_94,si_54,SO_39,sp_107,ss_100,SZO_57,wLoc02_4,wLoc24_96,wLoc28_99,wLoc2A_14,wLoc2E_10,wLoc30_13,wLoc32_18,Z_95	defs: al_117,ax_122,bh_129,bl_128,bp_110,bx_127,C_120,cs_123,cx_124,CZ_130,D_116,di_114,ds_118,es_115,S_126,SCZO_112,si_113,SO_125,sp_109,ss_111,SZO_119,Z_121.
    Unable to cast object of type 'Reko.Core.Expressions.ConstantUInt16' to type 'Reko.Core.Expressions.MemoryIdentifier'.
       at Reko.Core.Code.InstructionTransformer.VisitSegmentedAccess(SegmentedAccess access) in D:\dev\uxmal\reko\master\src\Core\Code\InstructionTransformer.cs:line 249
   at Reko.Core.Expressions.SegmentedAccess.Accept[T](ExpressionVisitor`1 visit) in D:\dev\uxmal\reko\master\src\Core\Expressions\MemoryAccess.cs:line 111
   at Reko.Core.Code.InstructionTransformer.VisitMkSequence(MkSequence seq) in D:\dev\uxmal\reko\master\src\Core\Code\InstructionTransformer.cs:line 217
   at Reko.Core.Expressions.MkSequence.Accept[T](ExpressionVisitor`1 v) in D:\dev\uxmal\reko\master\src\Core\Expressions\MkSequence.cs:line 58
   at Reko.Analysis.IndirectCallExpander.Expand(Expression e) in D:\dev\uxmal\reko\master\src\Decompiler\Analysis\IndirectCallRewriter.cs:line 204
   at Reko.Analysis.IndirectCallRewriter.RewriteCall(Statement stm, CallInstruction call) in D:\dev\uxmal\reko\master\src\Decompiler\Analysis\IndirectCallRewriter.cs:line 97
   at Reko.Analysis.IndirectCallRewriter.Rewrite() in D:\dev\uxmal\reko\master\src\Decompiler\Analysis\IndirectCallRewriter.cs:line 80
0800:177D: error: Indirect call rewriter encountered an error while processing the statement call SEQ(cs_166, Mem214[ss_154:bp_153 + 0x0006:word16]) (retsize: 2; depth: 2)	uses: al_177,ax_176,bh_172,bl_171,bLoc2B,bp_153,bx_170,C_207,cs_166,cx_174,CZ_173,D_159,di_204,ds_161,es_158,S_206,SCZO_208,si_156,SO_179,sp_213,ss_154,SZO_205,wLoc02_4,wLoc24,wLoc28_145,wLoc2A_14,wLoc2E_10,wLoc30_13,wLoc32_18,Z_209	defs: al_223,ax_228,bh_235,bl_234,bp_216,bx_233,C_226,cs_229,cx_230,CZ_236,D_222,di_220,ds_224,es_221,S_232,SCZO_218,si_219,SO_231,sp_215,ss_217,SZO_225,Z_227.
    Unable to cast object of type 'Reko.Core.Expressions.BinaryExpression' to type 'Reko.Core.Expressions.MemoryIdentifier'.
       at Reko.Core.Code.InstructionTransformer.VisitSegmentedAccess(SegmentedAccess access) in D:\dev\uxmal\reko\master\src\Core\Code\InstructionTransformer.cs:line 249
   at Reko.Core.Expressions.SegmentedAccess.Accept[T](ExpressionVisitor`1 visit) in D:\dev\uxmal\reko\master\src\Core\Expressions\MemoryAccess.cs:line 111
   at Reko.Core.Code.InstructionTransformer.VisitMkSequence(MkSequence seq) in D:\dev\uxmal\reko\master\src\Core\Code\InstructionTransformer.cs:line 217
   at Reko.Core.Expressions.MkSequence.Accept[T](ExpressionVisitor`1 v) in D:\dev\uxmal\reko\master\src\Core\Expressions\MkSequence.cs:line 58
   at Reko.Analysis.IndirectCallExpander.Expand(Expression e) in D:\dev\uxmal\reko\master\src\Decompiler\Analysis\IndirectCallRewriter.cs:line 204
   at Reko.Analysis.IndirectCallRewriter.RewriteCall(Statement stm, CallInstruction call) in D:\dev\uxmal\reko\master\src\Decompiler\Analysis\IndirectCallRewriter.cs:line 97
   at Reko.Analysis.IndirectCallRewriter.Rewrite() in D:\dev\uxmal\reko\master\src\Decompiler\Analysis\IndirectCallRewriter.cs:line 80
fn0800_1099: warning: Structure analysis stopped making progress, quitting. Please report this issue at https://github.com/uxmal/reko

=== space.sav
*** space.sav
error: An error occurred during decompilation. System.Collections.Generic.KeyNotFoundException: The given key was not present in the dictionary.
   at System.Collections.Generic.Dictionary`2.get_Item(TKey key)
   at Reko.Core.Lib.DiGraph`1.AddEdge(T itemFrom, T itemTo) in D:\dev\uxmal\reko\master\src\Core\Lib\DiGraph.cs:line 222
   at Reko.Scanning.ProcedureDetector.FuseBlocks(Cluster cluster) in D:\dev\uxmal\reko\master\src\Decompiler\Scanning\ProcedureDetector.cs:line 339
   at Reko.Scanning.ProcedureDetector.BuildProcedure(Cluster cluster, HeuristicBlock entry) in D:\dev\uxmal\reko\master\src\Decompiler\Scanning\ProcedureDetector.cs:line 315
   at Reko.Scanning.ProcedureDetector.PostProcessCluster(Cluster cluster) in D:\dev\uxmal\reko\master\src\Decompiler\Scanning\ProcedureDetector.cs:line 289
   at Reko.Scanning.ProcedureDetector.BuildProcedures(IEnumerable`1 clusters) in D:\dev\uxmal\reko\master\src\Decompiler\Scanning\ProcedureDetector.cs:line 192
   at Reko.Scanning.ProcedureDetector.DetectProcedures() in D:\dev\uxmal\reko\master\src\Decompiler\Scanning\ProcedureDetector.cs:line 61
   at Reko.Scanning.HeuristicScanner.ScanImage() in D:\dev\uxmal\reko\master\src\Decompiler\Scanning\HeuristicScanner.cs:line 173
   at Reko.DecompilerDriver.ScanProgram(Program program) in D:\dev\uxmal\reko\master\src\Decompiler\Decompiler.cs:line 437
   at Reko.DecompilerDriver.ScanPrograms() in D:\dev\uxmal\reko\master\src\Decompiler\Decompiler.cs:line 403
   at Reko.CmdLine.CmdLineDriver.Decompile(Dictionary`2 pArgs) in D:\dev\uxmal\reko\master\src\Drivers\CmdLine\CmdLineDriver.cs:line 130

=== spcinv.sav
*** spcinv.sav
error: An error occurred during decompilation. System.NotImplementedException: The method or operation is not implemented.
   at Reko.Arch.Pdp11.Pdp11InstructionComparer.Hash(MachineOperand op) in D:\dev\uxmal\reko\master\src\Arch\Pdp11\Pdp11InstructionComparer.cs:line 108
   at Reko.Arch.Pdp11.Pdp11InstructionComparer.GetOperandsHash(MachineInstruction i) in D:\dev\uxmal\reko\master\src\Arch\Pdp11\Pdp11InstructionComparer.cs:line 69
   at Reko.Core.Machine.InstructionComparer.GetHashCode(MachineInstruction instr) in D:\dev\uxmal\reko\master\src\Core\Machine\InstructionComparer.cs:line 90
   at System.Collections.Generic.Dictionary`2.Insert(TKey key, TValue value, Boolean add)
   at System.Collections.Generic.Dictionary`2.Add(TKey key, TValue value)
   at Reko.Scanning.Trie`1.TrieNode.Add(T instr) in D:\dev\uxmal\reko\master\src\Decompiler\Scanning\Trie.cs:line 93
   at Reko.Scanning.Trie`1.Add(T[] instrs) in D:\dev\uxmal\reko\master\src\Decompiler\Scanning\Trie.cs:line 48
   at Reko.Scanning.HeuristicProcedureScanner.ComputeStatistics(ISet`1 valid) in D:\dev\uxmal\reko\master\src\Decompiler\Scanning\HeuristicProcedureScanner.cs:line 131
   at Reko.Scanning.HeuristicProcedureScanner.ResolveBlockConflicts(IEnumerable`1 procedureStarts) in D:\dev\uxmal\reko\master\src\Decompiler\Scanning\HeuristicProcedureScanner.cs:line 62
   at Reko.Scanning.HeuristicScanner.ScanImage() in D:\dev\uxmal\reko\master\src\Decompiler\Scanning\HeuristicScanner.cs:line 170
   at Reko.DecompilerDriver.ScanProgram(Program program) in D:\dev\uxmal\reko\master\src\Decompiler\Decompiler.cs:line 437
   at Reko.DecompilerDriver.ScanPrograms() in D:\dev\uxmal\reko\master\src\Decompiler\Decompiler.cs:line 403
   at Reko.CmdLine.CmdLineDriver.Decompile(Dictionary`2 pArgs) in D:\dev\uxmal\reko\master\src\Drivers\CmdLine\CmdLineDriver.cs:line 130

=== lunar.lda
*** lunar.lda
Heuristics: Scanned image in 0.8024945 seconds, finding 0 blocks.
1156: error: Rewriting of PDP-11 instruction clrflags not supported yet.
028C: error: Rewriting of PDP-11 instruction swab not supported yet.
0E4E: error: Rewriting of PDP-11 instruction swab not supported yet.
0B0A: error: Rewriting of PDP-11 instruction sob not supported yet.
0A08: error: Rewriting of PDP-11 instruction illegal not supported yet.
0AC4: error: Rewriting of PDP-11 instruction swab not supported yet.
3558: error: Rewriting of PDP-11 instruction illegal not supported yet.
00E8: error: An error occurred while processing instruction at address 00E8.
    The given key was not present in the dictionary.
       at System.Collections.Generic.Dictionary`2.get_Item(TKey key)
   at Reko.Analysis.ExpressionPropagator.GetStackDepthBeforeCall() in D:\dev\uxmal\reko\master\src\Decompiler\Analysis\ExpressionPropagator.cs:line 145
   at Reko.Analysis.ExpressionPropagator.VisitCallInstruction(CallInstruction ci) in D:\dev\uxmal\reko\master\src\Decompiler\Analysis\ExpressionPropagator.cs:line 108
   at Reko.Core.Code.CallInstruction.Accept[T](InstructionVisitor`1 visitor) in D:\dev\uxmal\reko\master\src\Core\Code\CallInstruction.cs:line 66
   at Reko.Analysis.TrashedRegisterFinder.RewriteBlock(Block block) in D:\dev\uxmal\reko\master\src\Decompiler\Analysis\TrashedRegisterFinder.cs:line 210
0D62: error: An error occurred while processing instruction at address 0D62.
    The given key was not present in the dictionary.
       at System.Collections.Generic.Dictionary`2.get_Item(TKey key)
   at Reko.Analysis.ExpressionPropagator.GetStackDepthBeforeCall() in D:\dev\uxmal\reko\master\src\Decompiler\Analysis\ExpressionPropagator.cs:line 145
   at Reko.Analysis.ExpressionPropagator.VisitCallInstruction(CallInstruction ci) in D:\dev\uxmal\reko\master\src\Decompiler\Analysis\ExpressionPropagator.cs:line 108
   at Reko.Core.Code.CallInstruction.Accept[T](InstructionVisitor`1 visitor) in D:\dev\uxmal\reko\master\src\Core\Code\CallInstruction.cs:line 66
   at Reko.Analysis.TrashedRegisterFinder.RewriteBlock(Block block) in D:\dev\uxmal\reko\master\src\Decompiler\Analysis\TrashedRegisterFinder.cs:line 210
0D62: error: An error occurred while processing instruction at address 0D62.
    The given key was not present in the dictionary.
       at System.Collections.Generic.Dictionary`2.get_Item(TKey key)
   at Reko.Analysis.ExpressionPropagator.GetStackDepthBeforeCall() in D:\dev\uxmal\reko\master\src\Decompiler\Analysis\ExpressionPropagator.cs:line 145
   at Reko.Analysis.ExpressionPropagator.VisitCallInstruction(CallInstruction ci) in D:\dev\uxmal\reko\master\src\Decompiler\Analysis\ExpressionPropagator.cs:line 108
   at Reko.Core.Code.CallInstruction.Accept[T](InstructionVisitor`1 visitor) in D:\dev\uxmal\reko\master\src\Core\Code\CallInstruction.cs:line 66
   at Reko.Analysis.TrashedRegisterFinder.RewriteBlock(Block block) in D:\dev\uxmal\reko\master\src\Decompiler\Analysis\TrashedRegisterFinder.cs:line 210
0D62: error: An error occurred while processing instruction at address 0D62.
    The given key was not present in the dictionary.
       at System.Collections.Generic.Dictionary`2.get_Item(TKey key)
   at Reko.Analysis.ExpressionPropagator.GetStackDepthBeforeCall() in D:\dev\uxmal\reko\master\src\Decompiler\Analysis\ExpressionPropagator.cs:line 145
   at Reko.Analysis.ExpressionPropagator.VisitCallInstruction(CallInstruction ci) in D:\dev\uxmal\reko\master\src\Decompiler\Analysis\ExpressionPropagator.cs:line 108
   at Reko.Core.Code.CallInstruction.Accept[T](InstructionVisitor`1 visitor) in D:\dev\uxmal\reko\master\src\Core\Code\CallInstruction.cs:line 66
   at Reko.Analysis.TrashedRegisterFinder.RewriteBlock(Block block) in D:\dev\uxmal\reko\master\src\Decompiler\Analysis\TrashedRegisterFinder.cs:line 210
0D62: error: An error occurred while processing instruction at address 0D62.
    The given key was not present in the dictionary.
       at System.Collections.Generic.Dictionary`2.get_Item(TKey key)
   at Reko.Analysis.ExpressionPropagator.GetStackDepthBeforeCall() in D:\dev\uxmal\reko\master\src\Decompiler\Analysis\ExpressionPropagator.cs:line 145
   at Reko.Analysis.ExpressionPropagator.VisitCallInstruction(CallInstruction ci) in D:\dev\uxmal\reko\master\src\Decompiler\Analysis\ExpressionPropagator.cs:line 108
   at Reko.Core.Code.CallInstruction.Accept[T](InstructionVisitor`1 visitor) in D:\dev\uxmal\reko\master\src\Core\Code\CallInstruction.cs:line 66
   at Reko.Analysis.TrashedRegisterFinder.RewriteBlock(Block block) in D:\dev\uxmal\reko\master\src\Decompiler\Analysis\TrashedRegisterFinder.cs:line 210
fn00E0: error: An error occurred during data flow analysis.
    The given key was not present in the dictionary.
       at System.Collections.Generic.Dictionary`2.get_Item(TKey key)
   at Reko.Core.Lib.DominatorGraph`1.BuildDominanceFrontiers(DirectedGraph`1 graph, Dictionary`2 idoms) in D:\dev\uxmal\reko\master\src\Core\Lib\DominatorGraph.cs:line 199
   at Reko.Core.Lib.DominatorGraph`1..ctor(DirectedGraph`1 graph, T entryNode) in D:\dev\uxmal\reko\master\src\Core\Lib\DominatorGraph.cs:line 46
   at Reko.Analysis.DataFlowAnalysis.BuildExpressionTrees() in D:\dev\uxmal\reko\master\src\Decompiler\Analysis\DataFlowAnalysis.cs:line 86
fn0204: error: An error occurred during data flow analysis.
    The given key was not present in the dictionary.
       at System.Collections.Generic.Dictionary`2.get_Item(TKey key)
   at Reko.Core.Lib.DominatorGraph`1.BuildDominanceFrontiers(DirectedGraph`1 graph, Dictionary`2 idoms) in D:\dev\uxmal\reko\master\src\Core\Lib\DominatorGraph.cs:line 199
   at Reko.Core.Lib.DominatorGraph`1..ctor(DirectedGraph`1 graph, T entryNode) in D:\dev\uxmal\reko\master\src\Core\Lib\DominatorGraph.cs:line 46
   at Reko.Analysis.DataFlowAnalysis.BuildExpressionTrees() in D:\dev\uxmal\reko\master\src\Decompiler\Analysis\DataFlowAnalysis.cs:line 86
fn0D3C: error: An error occurred during data flow analysis.
    Index was outside the bounds of the array.
       at Reko.Analysis.SsaTransform.LocateDefinedVariables.VisitIdentifier(Identifier id) in D:\dev\uxmal\reko\master\src\Decompiler\Analysis\SsaTransform.cs:line 373
   at Reko.Core.Expressions.Identifier.Accept(IExpressionVisitor v) in D:\dev\uxmal\reko\master\src\Core\Expressions\Identifier.cs:line 85
   at Reko.Analysis.SsaTransform.LocateDefinedVariables.VisitApplication(Application app) in D:\dev\uxmal\reko\master\src\Decompiler\Analysis\SsaTransform.cs:line 308
   at Reko.Core.Expressions.Application.Accept(IExpressionVisitor v) in D:\dev\uxmal\reko\master\src\Core\Expressions\Application.cs:line 60
   at Reko.Core.Code.InstructionVisitorBase.VisitSideEffect(SideEffect side) in D:\dev\uxmal\reko\master\src\Core\Code\InstructionVisitor.cs:line 113
   at Reko.Core.Code.SideEffect.Accept(InstructionVisitor v) in D:\dev\uxmal\reko\master\src\Core\Code\SideEffect.cs:line 51
   at Reko.Analysis.SsaTransform.LocateDefinedVariables.LocateDefs(Block b) in D:\dev\uxmal\reko\master\src\Decompiler\Analysis\SsaTransform.cs:line 271
   at Reko.Analysis.SsaTransform.LocateAllDefinedVariables(Dictionary`2[] defOrig) in D:\dev\uxmal\reko\master\src\Decompiler\Analysis\SsaTransform.cs:line 95
   at Reko.Analysis.SsaTransform.PlacePhiFunctions() in D:\dev\uxmal\reko\master\src\Decompiler\Analysis\SsaTransform.cs:line 123
   at Reko.Analysis.SsaTransform.Transform() in D:\dev\uxmal\reko\master\src\Decompiler\Analysis\SsaTransform.cs:line 204
   at Reko.Analysis.SsaTransform..ctor(ProgramDataFlow programFlow, Procedure proc, IImportResolver importResolver, DominatorGraph`1 gr, HashSet`1 implicitRegs) in D:\dev\uxmal\reko\master\src\Decompiler\Analysis\SsaTransform.cs:line 66
   at Reko.Analysis.DataFlowAnalysis.BuildExpressionTrees() in D:\dev\uxmal\reko\master\src\Decompiler\Analysis\DataFlowAnalysis.cs:line 87
: warning: Type transformer has looped 51 times, quitting prematurely.
fn053A: error: An error occurred while rewriting procedure to high-level language.
    The method or operation is not implemented.
       at Reko.Structure.StructureAnalysis.DetermineFollowLatch(Region head, ISet`1 loopNodes) in D:\dev\uxmal\reko\master\src\Decompiler\Structure\StructureAnalysis.cs:line 1150
   at Reko.Structure.StructureAnalysis.RefineLoop(Region head, ISet`1 loopNodes) in D:\dev\uxmal\reko\master\src\Decompiler\Structure\StructureAnalysis.cs:line 1000
   at Reko.Structure.StructureAnalysis.ProcessUnresolvedRegions() in D:\dev\uxmal\reko\master\src\Decompiler\Structure\StructureAnalysis.cs:line 277
   at Reko.Structure.StructureAnalysis.Execute() in D:\dev\uxmal\reko\master\src\Decompiler\Structure\StructureAnalysis.cs:line 152
   at Reko.Structure.StructureAnalysis.Structure() in D:\dev\uxmal\reko\master\src\Decompiler\Structure\StructureAnalysis.cs:line 69
   at Reko.DecompilerDriver.StructureProgram() in D:\dev\uxmal\reko\master\src\Decompiler\Decompiler.cs:line 526
fn0D3C: error: An error occurred while rewriting procedure to high-level language.
    The given key was not present in the dictionary.
       at System.Collections.Generic.Dictionary`2.get_Item(TKey key)
   at Reko.Structure.StructureAnalysis.BuildRegionGraph(Procedure proc) in D:\dev\uxmal\reko\master\src\Decompiler\Structure\StructureAnalysis.cs:line 208
   at Reko.Structure.StructureAnalysis.Execute() in D:\dev\uxmal\reko\master\src\Decompiler\Structure\StructureAnalysis.cs:line 105
   at Reko.Structure.StructureAnalysis.Structure() in D:\dev\uxmal\reko\master\src\Decompiler\Structure\StructureAnalysis.cs:line 69
   at Reko.DecompilerDriver.StructureProgram() in D:\dev\uxmal\reko\master\src\Decompiler\Decompiler.cs:line 526
0000013E: warning: Expected sizes of arrays to have been determined by now
00000FEC: warning: Expected sizes of arrays to have been determined by now
0000168C: warning: Expected sizes of arrays to have been determined by now
00001696: warning: Expected sizes of arrays to have been determined by now
000027B0: warning: Expected sizes of arrays to have been determined by now
000028F0: warning: Expected sizes of arrays to have been determined by now
000028F2: warning: Expected sizes of arrays to have been determined by now
000028F8: warning: Expected sizes of arrays to have been determined by now
000034E0: warning: Expected sizes of arrays to have been determined by now
0000013E: warning: Expected sizes of arrays to have been determined by now
00000FEC: warning: Expected sizes of arrays to have been determined by now
0000168C: warning: Expected sizes of arrays to have been determined by now
00001696: warning: Expected sizes of arrays to have been determined by now
000027B0: warning: Expected sizes of arrays to have been determined by now
000028F0: warning: Expected sizes of arrays to have been determined by now
000028F2: warning: Expected sizes of arrays to have been determined by now
000028F8: warning: Expected sizes of arrays to have been determined by now
000034E0: warning: Expected sizes of arrays to have been determined by now

=== Executable.exe
*** Executable.exe
error: An error occurred during decompilation. System.Collections.Generic.KeyNotFoundException: The given key was not present in the dictionary.
   at System.Collections.Generic.Dictionary`2.get_Item(TKey key)
   at Reko.Core.Lib.ArticulationPointFinder`1.GetArticulationPoints(T i, Int32 d) in D:\dev\uxmal\reko\master\src\Core\Lib\ArticulationPointFinder.cs:line 56
   at Reko.Core.Lib.ArticulationPointFinder`1.FindArticulationPoints(DirectedGraph`1 graph, IEnumerable`1 nodes) in D:\dev\uxmal\reko\master\src\Core\Lib\ArticulationPointFinder.cs:line 87
   at Reko.Scanning.ProcedureDetector.DetachFusedTails(Cluster cluster) in D:\dev\uxmal\reko\master\src\Decompiler\Scanning\ProcedureDetector.cs:line 296
   at Reko.Scanning.ProcedureDetector.PostProcessCluster(Cluster cluster) in D:\dev\uxmal\reko\master\src\Decompiler\Scanning\ProcedureDetector.cs:line 255
   at Reko.Scanning.ProcedureDetector.BuildProcedures(IEnumerable`1 clusters) in D:\dev\uxmal\reko\master\src\Decompiler\Scanning\ProcedureDetector.cs:line 192
   at Reko.Scanning.ProcedureDetector.DetectProcedures() in D:\dev\uxmal\reko\master\src\Decompiler\Scanning\ProcedureDetector.cs:line 61
   at Reko.Scanning.HeuristicScanner.ScanImage() in D:\dev\uxmal\reko\master\src\Decompiler\Scanning\HeuristicScanner.cs:line 173
   at Reko.DecompilerDriver.ScanProgram(Program program) in D:\dev\uxmal\reko\master\src\Decompiler\Decompiler.cs:line 437
   at Reko.DecompilerDriver.ScanPrograms() in D:\dev\uxmal\reko\master\src\Decompiler\Decompiler.cs:line 403
   at Reko.CmdLine.CmdLineDriver.Decompile(Dictionary`2 pArgs) in D:\dev\uxmal\reko\master\src\Drivers\CmdLine\CmdLineDriver.cs:line 130

=== pySample.dcproject
=== RussianText.exe
*** RussianText.exe
error: An error occurred during decompilation. System.ArgumentNullException: Value cannot be null.
Parameter name: key
   at System.Collections.Generic.Dictionary`2.FindEntry(TKey key)
   at System.Collections.Generic.Dictionary`2.get_Item(TKey key)
   at Reko.Core.Lib.DiGraph`1.Successors(T item) in D:\dev\uxmal\reko\master\src\Core\Lib\DiGraph.cs:line 183
   at Reko.Core.Lib.DfsIterator`1.<PreOrder>d__4.MoveNext() in D:\dev\uxmal\reko\master\src\Core\Lib\DfsIterator.cs:line 56
   at System.Collections.Generic.HashSet`1.UnionWith(IEnumerable`1 other)
   at System.Collections.Generic.HashSet`1..ctor(IEnumerable`1 collection, IEqualityComparer`1 comparer)
   at System.Collections.Generic.HashSet`1..ctor(IEnumerable`1 collection)
   at Reko.Core.EnumerableEx.ToHashSet[TElement](IEnumerable`1 source) in D:\dev\uxmal\reko\master\src\Core\EnumerableEx.cs:line 89
   at Reko.Scanning.HeuristicProcedureScanner.TraceReachableBlocks(IEnumerable`1 procstarts) in D:\dev\uxmal\reko\master\src\Decompiler\Scanning\HeuristicProcedureScanner.cs:line 110
   at Reko.Scanning.HeuristicProcedureScanner.ResolveBlockConflicts(IEnumerable`1 procedureStarts) in D:\dev\uxmal\reko\master\src\Decompiler\Scanning\HeuristicProcedureScanner.cs:line 61
   at Reko.Scanning.HeuristicScanner.ScanImage() in D:\dev\uxmal\reko\master\src\Decompiler\Scanning\HeuristicScanner.cs:line 170
   at Reko.DecompilerDriver.ScanProgram(Program program) in D:\dev\uxmal\reko\master\src\Decompiler\Decompiler.cs:line 437
   at Reko.DecompilerDriver.ScanPrograms() in D:\dev\uxmal\reko\master\src\Decompiler\Decompiler.cs:line 403
   at Reko.CmdLine.CmdLineDriver.Decompile(Dictionary`2 pArgs) in D:\dev\uxmal\reko\master\src\Drivers\CmdLine\CmdLineDriver.cs:line 130

=== VCExeSample.dcproject
*** VCExeSample.dcproject
error: An error occurred during decompilation. System.NotImplementedException: Unhandled operand type: Reko.Core.Machine.FpuOperand
   at Reko.Arch.X86.X86InstructionComparer.GetHashCode(MachineOperand op) in D:\dev\uxmal\reko\master\src\Arch\X86\X86InstructionComparer.cs:line 175
   at Reko.Arch.X86.X86InstructionComparer.GetOperandsHash(MachineInstruction inst) in D:\dev\uxmal\reko\master\src\Arch\X86\X86InstructionComparer.cs:line 119
   at Reko.Core.Machine.InstructionComparer.GetHashCode(MachineInstruction instr) in D:\dev\uxmal\reko\master\src\Core\Machine\InstructionComparer.cs:line 90
   at System.Collections.Generic.Dictionary`2.FindEntry(TKey key)
   at System.Collections.Generic.Dictionary`2.TryGetValue(TKey key, TValue& value)
   at Reko.Scanning.Trie`1.TrieNode.Add(T instr) in D:\dev\uxmal\reko\master\src\Decompiler\Scanning\Trie.cs:line 90
   at Reko.Scanning.Trie`1.Add(T[] instrs) in D:\dev\uxmal\reko\master\src\Decompiler\Scanning\Trie.cs:line 48
   at Reko.Scanning.HeuristicProcedureScanner.ComputeStatistics(ISet`1 valid) in D:\dev\uxmal\reko\master\src\Decompiler\Scanning\HeuristicProcedureScanner.cs:line 131
   at Reko.Scanning.HeuristicProcedureScanner.ResolveBlockConflicts(IEnumerable`1 procedureStarts) in D:\dev\uxmal\reko\master\src\Decompiler\Scanning\HeuristicProcedureScanner.cs:line 62
   at Reko.Scanning.HeuristicScanner.ScanImage() in D:\dev\uxmal\reko\master\src\Decompiler\Scanning\HeuristicScanner.cs:line 170
   at Reko.DecompilerDriver.ScanProgram(Program program) in D:\dev\uxmal\reko\master\src\Decompiler\Decompiler.cs:line 437
   at Reko.DecompilerDriver.ScanPrograms() in D:\dev\uxmal\reko\master\src\Decompiler\Decompiler.cs:line 403
   at Reko.CmdLine.CmdLineDriver.Decompile(Dictionary`2 pArgs) in D:\dev\uxmal\reko\master\src\Drivers\CmdLine\CmdLineDriver.cs:line 130

=== varargs_test.exe
*** varargs_test.exe
error: An error occurred during decompilation. System.ArgumentNullException: Value cannot be null.
Parameter name: key
   at System.Collections.Generic.Dictionary`2.FindEntry(TKey key)
   at System.Collections.Generic.Dictionary`2.get_Item(TKey key)
   at Reko.Core.Lib.DiGraph`1.Successors(T item) in D:\dev\uxmal\reko\master\src\Core\Lib\DiGraph.cs:line 183
   at Reko.Core.Lib.DfsIterator`1.<PreOrder>d__4.MoveNext() in D:\dev\uxmal\reko\master\src\Core\Lib\DfsIterator.cs:line 56
   at System.Collections.Generic.HashSet`1.UnionWith(IEnumerable`1 other)
   at System.Collections.Generic.HashSet`1..ctor(IEnumerable`1 collection, IEqualityComparer`1 comparer)
   at System.Collections.Generic.HashSet`1..ctor(IEnumerable`1 collection)
   at Reko.Core.EnumerableEx.ToHashSet[TElement](IEnumerable`1 source) in D:\dev\uxmal\reko\master\src\Core\EnumerableEx.cs:line 89
   at Reko.Scanning.HeuristicProcedureScanner.TraceReachableBlocks(IEnumerable`1 procstarts) in D:\dev\uxmal\reko\master\src\Decompiler\Scanning\HeuristicProcedureScanner.cs:line 110
   at Reko.Scanning.HeuristicProcedureScanner.ResolveBlockConflicts(IEnumerable`1 procedureStarts) in D:\dev\uxmal\reko\master\src\Decompiler\Scanning\HeuristicProcedureScanner.cs:line 61
   at Reko.Scanning.HeuristicScanner.ScanImage() in D:\dev\uxmal\reko\master\src\Decompiler\Scanning\HeuristicScanner.cs:line 170
   at Reko.DecompilerDriver.ScanProgram(Program program) in D:\dev\uxmal\reko\master\src\Decompiler\Decompiler.cs:line 437
   at Reko.DecompilerDriver.ScanPrograms() in D:\dev\uxmal\reko\master\src\Decompiler\Decompiler.cs:line 403
   at Reko.CmdLine.CmdLineDriver.Decompile(Dictionary`2 pArgs) in D:\dev\uxmal\reko\master\src\Drivers\CmdLine\CmdLineDriver.cs:line 130

=== test
*** test
Heuristics: Scanned image in 0.1473989 seconds, finding 0 blocks.
00000000004003F0: warning: Unable to resolve imported reference __gmon_start__.
0000000000400430: warning: Unable to resolve imported reference __gmon_start__.
000000000040051F: warning: Procedure frame_dummy previously had a return address of 8 bytes on the stack, but now seems to have a return address of 0 bytes on the stack.
0000000000400497: error: An error occurred while processing instruction at address 0000000000400497.
    Expected stack depth to be negative.
       at Reko.Analysis.ExpressionPropagator.GetStackDepthBeforeCall() in D:\dev\uxmal\reko\master\src\Decompiler\Analysis\ExpressionPropagator.cs:line 158
   at Reko.Analysis.ExpressionPropagator.VisitCallInstruction(CallInstruction ci) in D:\dev\uxmal\reko\master\src\Decompiler\Analysis\ExpressionPropagator.cs:line 108
   at Reko.Core.Code.CallInstruction.Accept[T](InstructionVisitor`1 visitor) in D:\dev\uxmal\reko\master\src\Core\Code\CallInstruction.cs:line 66
   at Reko.Analysis.TrashedRegisterFinder.RewriteBlock(Block block) in D:\dev\uxmal\reko\master\src\Decompiler\Analysis\TrashedRegisterFinder.cs:line 210
00000000004004D7: error: An error occurred while processing instruction at address 00000000004004D7.
    Expected stack depth to be negative.
       at Reko.Analysis.ExpressionPropagator.GetStackDepthBeforeCall() in D:\dev\uxmal\reko\master\src\Decompiler\Analysis\ExpressionPropagator.cs:line 158
   at Reko.Analysis.ExpressionPropagator.VisitCallInstruction(CallInstruction ci) in D:\dev\uxmal\reko\master\src\Decompiler\Analysis\ExpressionPropagator.cs:line 108
   at Reko.Core.Code.CallInstruction.Accept[T](InstructionVisitor`1 visitor) in D:\dev\uxmal\reko\master\src\Core\Code\CallInstruction.cs:line 66
   at Reko.Analysis.TrashedRegisterFinder.RewriteBlock(Block block) in D:\dev\uxmal\reko\master\src\Decompiler\Analysis\TrashedRegisterFinder.cs:line 210
000000000040051F: error: An error occurred while processing instruction at address 000000000040051F.
    Expected stack depth to be negative.
       at Reko.Analysis.ExpressionPropagator.GetStackDepthBeforeCall() in D:\dev\uxmal\reko\master\src\Decompiler\Analysis\ExpressionPropagator.cs:line 158
   at Reko.Analysis.ExpressionPropagator.VisitCallInstruction(CallInstruction ci) in D:\dev\uxmal\reko\master\src\Decompiler\Analysis\ExpressionPropagator.cs:line 108
   at Reko.Core.Code.CallInstruction.Accept[T](InstructionVisitor`1 visitor) in D:\dev\uxmal\reko\master\src\Core\Code\CallInstruction.cs:line 66
   at Reko.Analysis.TrashedRegisterFinder.RewriteBlock(Block block) in D:\dev\uxmal\reko\master\src\Decompiler\Analysis\TrashedRegisterFinder.cs:line 210
00000000004004D7: error: An error occurred while processing instruction at address 00000000004004D7.
    Expected stack depth to be negative.
       at Reko.Analysis.ExpressionPropagator.GetStackDepthBeforeCall() in D:\dev\uxmal\reko\master\src\Decompiler\Analysis\ExpressionPropagator.cs:line 158
   at Reko.Analysis.ExpressionPropagator.VisitCallInstruction(CallInstruction ci) in D:\dev\uxmal\reko\master\src\Decompiler\Analysis\ExpressionPropagator.cs:line 108
   at Reko.Core.Code.CallInstruction.Accept[T](InstructionVisitor`1 visitor) in D:\dev\uxmal\reko\master\src\Core\Code\CallInstruction.cs:line 66
   at Reko.Analysis.TrashedRegisterFinder.RewriteBlock(Block block) in D:\dev\uxmal\reko\master\src\Decompiler\Analysis\TrashedRegisterFinder.cs:line 210
frame_dummy: error: An error occurred during data flow analysis.
    Index was outside the bounds of the array.
       at Reko.Analysis.SsaTransform.LocateDefinedVariables.VisitIdentifier(Identifier id) in D:\dev\uxmal\reko\master\src\Decompiler\Analysis\SsaTransform.cs:line 373
   at Reko.Core.Expressions.Identifier.Accept(IExpressionVisitor v) in D:\dev\uxmal\reko\master\src\Core\Expressions\Identifier.cs:line 85
   at Reko.Core.Code.InstructionVisitorBase.VisitBinaryExpression(BinaryExpression binExp) in D:\dev\uxmal\reko\master\src\Core\Code\InstructionVisitor.cs:line 157
   at Reko.Core.Expressions.BinaryExpression.Accept(IExpressionVisitor v) in D:\dev\uxmal\reko\master\src\Core\Expressions\BinaryExpression.cs:line 64
   at Reko.Core.Code.InstructionVisitorBase.VisitBinaryExpression(BinaryExpression binExp) in D:\dev\uxmal\reko\master\src\Core\Code\InstructionVisitor.cs:line 157
   at Reko.Core.Expressions.BinaryExpression.Accept(IExpressionVisitor v) in D:\dev\uxmal\reko\master\src\Core\Expressions\BinaryExpression.cs:line 64
   at Reko.Core.Code.InstructionVisitorBase.VisitBinaryExpression(BinaryExpression binExp) in D:\dev\uxmal\reko\master\src\Core\Code\InstructionVisitor.cs:line 157
   at Reko.Core.Expressions.BinaryExpression.Accept(IExpressionVisitor v) in D:\dev\uxmal\reko\master\src\Core\Expressions\BinaryExpression.cs:line 64
   at Reko.Core.Code.InstructionVisitorBase.VisitBinaryExpression(BinaryExpression binExp) in D:\dev\uxmal\reko\master\src\Core\Code\InstructionVisitor.cs:line 157
   at Reko.Core.Expressions.BinaryExpression.Accept(IExpressionVisitor v) in D:\dev\uxmal\reko\master\src\Core\Expressions\BinaryExpression.cs:line 64
   at Reko.Core.Code.InstructionVisitorBase.VisitBranch(Branch b) in D:\dev\uxmal\reko\master\src\Core\Code\InstructionVisitor.cs:line 74
   at Reko.Core.Code.Branch.Accept(InstructionVisitor v) in D:\dev\uxmal\reko\master\src\Core\Code\Branch.cs:line 55
   at Reko.Analysis.SsaTransform.LocateDefinedVariables.LocateDefs(Block b) in D:\dev\uxmal\reko\master\src\Decompiler\Analysis\SsaTransform.cs:line 271
   at Reko.Analysis.SsaTransform.LocateAllDefinedVariables(Dictionary`2[] defOrig) in D:\dev\uxmal\reko\master\src\Decompiler\Analysis\SsaTransform.cs:line 95
   at Reko.Analysis.SsaTransform.PlacePhiFunctions() in D:\dev\uxmal\reko\master\src\Decompiler\Analysis\SsaTransform.cs:line 123
   at Reko.Analysis.SsaTransform.Transform() in D:\dev\uxmal\reko\master\src\Decompiler\Analysis\SsaTransform.cs:line 204
   at Reko.Analysis.SsaTransform..ctor(ProgramDataFlow programFlow, Procedure proc, IImportResolver importResolver, DominatorGraph`1 gr, HashSet`1 implicitRegs) in D:\dev\uxmal\reko\master\src\Decompiler\Analysis\SsaTransform.cs:line 66
   at Reko.Analysis.DataFlowAnalysis.BuildExpressionTrees() in D:\dev\uxmal\reko\master\src\Decompiler\Analysis\DataFlowAnalysis.cs:line 87
0000000000400508: error: An error occurred while processing the statement branch Test(EQ,Z) l0000000000400528.
    The method or operation is not implemented.
       at Reko.Core.Expressions.ExpressionTypeAscenderBase.VisitTestCondition(TestCondition tc) in D:\dev\uxmal\reko\master\src\Core\Expressions\ExpressionTypeAscenderBase.cs:line 418
   at Reko.Core.Expressions.TestCondition.Accept[T](ExpressionVisitor`1 visitor) in D:\dev\uxmal\reko\master\src\Core\Expressions\TestCondition.cs:line 61
   at Reko.Typing.TypeCollector.VisitBranch(Branch branch) in D:\dev\uxmal\reko\master\src\Decompiler\Typing\TypeCollector.cs:line 135
   at Reko.Core.Code.Branch.Accept(InstructionVisitor v) in D:\dev\uxmal\reko\master\src\Core\Code\Branch.cs:line 55
   at Reko.Typing.TypeCollector.CollectTypes() in D:\dev\uxmal\reko\master\src\Decompiler\Typing\TypeCollector.cs:line 77
0000000000400512: error: An error occurred while processing the statement branch Test(EQ,Z) l0000000000400528.
    The method or operation is not implemented.
       at Reko.Core.Expressions.ExpressionTypeAscenderBase.VisitTestCondition(TestCondition tc) in D:\dev\uxmal\reko\master\src\Core\Expressions\ExpressionTypeAscenderBase.cs:line 418
   at Reko.Core.Expressions.TestCondition.Accept[T](ExpressionVisitor`1 visitor) in D:\dev\uxmal\reko\master\src\Core\Expressions\TestCondition.cs:line 61
   at Reko.Typing.TypeCollector.VisitBranch(Branch branch) in D:\dev\uxmal\reko\master\src\Decompiler\Typing\TypeCollector.cs:line 135
   at Reko.Core.Code.Branch.Accept(InstructionVisitor v) in D:\dev\uxmal\reko\master\src\Core\Code\Branch.cs:line 55
   at Reko.Typing.TypeCollector.CollectTypes() in D:\dev\uxmal\reko\master\src\Decompiler\Typing\TypeCollector.cs:line 77
0000000000400586: error: An error occurred while processing the statement branch 0x0000000000600E18 - 0x0000000000600E10 >> 0x0000000000000003 == 0x0000000000000000 l00000000004005A6.
    Pulling difference ptr64 and ptr64
       at Reko.Core.Expressions.ExpressionTypeAscenderBase.PullDiffDataType(DataType dtLeft, DataType dtRight) in D:\dev\uxmal\reko\master\src\Core\Expressions\ExpressionTypeAscenderBase.cs:line 236
   at Reko.Core.Expressions.ExpressionTypeAscenderBase.VisitBinaryExpression(BinaryExpression binExp) in D:\dev\uxmal\reko\master\src\Core\Expressions\ExpressionTypeAscenderBase.cs:line 96
   at Reko.Core.Expressions.BinaryExpression.Accept[T](ExpressionVisitor`1 v) in D:\dev\uxmal\reko\master\src\Core\Expressions\BinaryExpression.cs:line 59
   at Reko.Core.Expressions.ExpressionTypeAscenderBase.VisitBinaryExpression(BinaryExpression binExp) in D:\dev\uxmal\reko\master\src\Core\Expressions\ExpressionTypeAscenderBase.cs:line 83
   at Reko.Core.Expressions.BinaryExpression.Accept[T](ExpressionVisitor`1 v) in D:\dev\uxmal\reko\master\src\Core\Expressions\BinaryExpression.cs:line 59
   at Reko.Core.Expressions.ExpressionTypeAscenderBase.VisitBinaryExpression(BinaryExpression binExp) in D:\dev\uxmal\reko\master\src\Core\Expressions\ExpressionTypeAscenderBase.cs:line 83
   at Reko.Core.Expressions.BinaryExpression.Accept[T](ExpressionVisitor`1 v) in D:\dev\uxmal\reko\master\src\Core\Expressions\BinaryExpression.cs:line 59
   at Reko.Typing.TypeCollector.VisitBranch(Branch branch) in D:\dev\uxmal\reko\master\src\Decompiler\Typing\TypeCollector.cs:line 135
   at Reko.Core.Code.Branch.Accept(InstructionVisitor v) in D:\dev\uxmal\reko\master\src\Core\Code\Branch.cs:line 55
   at Reko.Typing.TypeCollector.CollectTypes() in D:\dev\uxmal\reko\master\src\Decompiler\Typing\TypeCollector.cs:line 77
frame_dummy: error: An error occurred while rewriting procedure to high-level language.
    The given key was not present in the dictionary.
       at System.Collections.Generic.Dictionary`2.get_Item(TKey key)
   at Reko.Structure.StructureAnalysis.BuildRegionGraph(Procedure proc) in D:\dev\uxmal\reko\master\src\Decompiler\Structure\StructureAnalysis.cs:line 208
   at Reko.Structure.StructureAnalysis.Execute() in D:\dev\uxmal\reko\master\src\Decompiler\Structure\StructureAnalysis.cs:line 105
   at Reko.Structure.StructureAnalysis.Structure() in D:\dev\uxmal\reko\master\src\Decompiler\Structure\StructureAnalysis.cs:line 69
   at Reko.DecompilerDriver.StructureProgram() in D:\dev\uxmal\reko\master\src\Decompiler\Decompiler.cs:line 526
00600E10: warning: Expected sizes of arrays to have been determined by now
00600E10: warning: Expected sizes of arrays to have been determined by now

=== m68k_jump.dcproject
*** m68k_jump.dcproject
error: An error occurred during decompilation. System.ArgumentNullException: Value cannot be null.
Parameter name: img
   at Reko.Core.ImageReader..ctor(MemoryArea img, Address addr) in D:\dev\uxmal\reko\master\src\Core\ImageReader.cs:line 46
   at Reko.Core.BeImageReader..ctor(MemoryArea image, Address addr) in D:\dev\uxmal\reko\master\src\Core\ImageReader.cs:line 556
   at Reko.Arch.M68k.M68kArchitecture.CreateImageReader(MemoryArea image, Address addr) in D:\dev\uxmal\reko\master\src\Arch\M68k\M68kArchitecture.cs:line 78
   at Reko.Core.Program.CreateDisassembler(Address addr) in D:\dev\uxmal\reko\master\src\Core\Program.cs:line 303
   at Reko.Scanning.HeuristicDisassembler.Disassemble(Address addr) in D:\dev\uxmal\reko\master\src\Decompiler\Scanning\HeuristicDisassembler.cs:line 73
   at Reko.Scanning.HeuristicScanner.DisassembleRange(Address addrStart, Address addrEnd, ScanResults sr) in D:\dev\uxmal\reko\master\src\Decompiler\Scanning\HeuristicScanner.cs:line 388
   at Reko.Scanning.HeuristicScanner.ScanImage() in D:\dev\uxmal\reko\master\src\Decompiler\Scanning\HeuristicScanner.cs:line 152
   at Reko.DecompilerDriver.ScanProgram(Program program) in D:\dev\uxmal\reko\master\src\Decompiler\Decompiler.cs:line 437
   at Reko.DecompilerDriver.ScanPrograms() in D:\dev\uxmal\reko\master\src\Decompiler\Decompiler.cs:line 403
   at Reko.CmdLine.CmdLineDriver.Decompile(Dictionary`2 pArgs) in D:\dev\uxmal\reko\master\src\Drivers\CmdLine\CmdLineDriver.cs:line 130

=== a.out
*** a.out
error: An error occurred during decompilation. System.NotImplementedException: The method or operation is not implemented.
   at Reko.Arch.M68k.M68kInstructionComparer.OperandHash(MachineOperand op) in D:\dev\uxmal\reko\master\src\Arch\M68k\M68kInstructionComparer.cs:line 95
   at Reko.Arch.M68k.M68kInstructionComparer.GetOperandsHash(MachineInstruction instr) in D:\dev\uxmal\reko\master\src\Arch\M68k\M68kInstructionComparer.cs:line 71
   at Reko.Core.Machine.InstructionComparer.GetHashCode(MachineInstruction instr) in D:\dev\uxmal\reko\master\src\Core\Machine\InstructionComparer.cs:line 90
   at System.Collections.Generic.Dictionary`2.Insert(TKey key, TValue value, Boolean add)
   at System.Collections.Generic.Dictionary`2.Add(TKey key, TValue value)
   at Reko.Scanning.Trie`1.TrieNode.Add(T instr) in D:\dev\uxmal\reko\master\src\Decompiler\Scanning\Trie.cs:line 93
   at Reko.Scanning.Trie`1.Add(T[] instrs) in D:\dev\uxmal\reko\master\src\Decompiler\Scanning\Trie.cs:line 48
   at Reko.Scanning.HeuristicProcedureScanner.ComputeStatistics(ISet`1 valid) in D:\dev\uxmal\reko\master\src\Decompiler\Scanning\HeuristicProcedureScanner.cs:line 131
   at Reko.Scanning.HeuristicProcedureScanner.ResolveBlockConflicts(IEnumerable`1 procedureStarts) in D:\dev\uxmal\reko\master\src\Decompiler\Scanning\HeuristicProcedureScanner.cs:line 62
   at Reko.Scanning.HeuristicScanner.ScanImage() in D:\dev\uxmal\reko\master\src\Decompiler\Scanning\HeuristicScanner.cs:line 170
   at Reko.DecompilerDriver.ScanProgram(Program program) in D:\dev\uxmal\reko\master\src\Decompiler\Decompiler.cs:line 437
   at Reko.DecompilerDriver.ScanPrograms() in D:\dev\uxmal\reko\master\src\Decompiler\Decompiler.cs:line 403
   at Reko.CmdLine.CmdLineDriver.Decompile(Dictionary`2 pArgs) in D:\dev\uxmal\reko\master\src\Drivers\CmdLine\CmdLineDriver.cs:line 130

=== code.dcproject
*** code.dcproject
error: An error occurred during decompilation. System.NotImplementedException: The method or operation is not implemented.
   at Reko.Arch.M68k.M68kInstructionComparer.OperandHash(MachineOperand op) in D:\dev\uxmal\reko\master\src\Arch\M68k\M68kInstructionComparer.cs:line 95
   at Reko.Arch.M68k.M68kInstructionComparer.GetOperandsHash(MachineInstruction instr) in D:\dev\uxmal\reko\master\src\Arch\M68k\M68kInstructionComparer.cs:line 71
   at Reko.Core.Machine.InstructionComparer.GetHashCode(MachineInstruction instr) in D:\dev\uxmal\reko\master\src\Core\Machine\InstructionComparer.cs:line 90
   at System.Collections.Generic.Dictionary`2.Insert(TKey key, TValue value, Boolean add)
   at System.Collections.Generic.Dictionary`2.Add(TKey key, TValue value)
   at Reko.Scanning.Trie`1.TrieNode.Add(T instr) in D:\dev\uxmal\reko\master\src\Decompiler\Scanning\Trie.cs:line 93
   at Reko.Scanning.Trie`1.Add(T[] instrs) in D:\dev\uxmal\reko\master\src\Decompiler\Scanning\Trie.cs:line 48
   at Reko.Scanning.HeuristicProcedureScanner.ComputeStatistics(ISet`1 valid) in D:\dev\uxmal\reko\master\src\Decompiler\Scanning\HeuristicProcedureScanner.cs:line 131
   at Reko.Scanning.HeuristicProcedureScanner.ResolveBlockConflicts(IEnumerable`1 procedureStarts) in D:\dev\uxmal\reko\master\src\Decompiler\Scanning\HeuristicProcedureScanner.cs:line 62
   at Reko.Scanning.HeuristicScanner.ScanImage() in D:\dev\uxmal\reko\master\src\Decompiler\Scanning\HeuristicScanner.cs:line 170
   at Reko.DecompilerDriver.ScanProgram(Program program) in D:\dev\uxmal\reko\master\src\Decompiler\Decompiler.cs:line 437
   at Reko.DecompilerDriver.ScanPrograms() in D:\dev\uxmal\reko\master\src\Decompiler\Decompiler.cs:line 403
   at Reko.CmdLine.CmdLineDriver.Decompile(Dictionary`2 pArgs) in D:\dev\uxmal\reko\master\src\Drivers\CmdLine\CmdLineDriver.cs:line 130

=== PP.EXE
